This is pdfTeX, Version 3.141592653-2.6-1.40.22 (TeX Live 2022/dev/Debian) (preloaded format=pdflatex 2024.11.9)  20 FEB 2025 17:42
entering extended mode
 restricted \write18 enabled.
 file:line:error style messages enabled.
 %&-line parsing enabled.
**/root/projects/latex/thesis/main.tex
(/root/projects/latex/thesis/main.tex
LaTeX2e <2021-11-15> patch level 1
L3 programming layer <2022-01-21> (/usr/share/texlive/texmf-dist/tex/latex/elsarticle/elsarticle.cls
Document Class: elsarticle 2020/11/20, 3.3: Elsevier Ltd
(/usr/share/texlive/texmf-dist/tex/latex/l3kernel/expl3.sty
Package: expl3 2022-01-21 L3 programming layer (loader) 
 (/usr/share/texlive/texmf-dist/tex/latex/l3backend/l3backend-pdftex.def
File: l3backend-pdftex.def 2022-01-12 L3 backend support: PDF output (pdfTeX)
\l__color_backend_stack_int=\count185
\l__pdf_internal_box=\box50
)) (/usr/share/texlive/texmf-dist/tex/latex/l3packages/xparse/xparse.sty
Package: xparse 2022-01-12 L3 Experimental document command parser
) (/usr/share/texlive/texmf-dist/tex/latex/etoolbox/etoolbox.sty
Package: etoolbox 2020/10/05 v2.5k e-TeX tools for LaTeX (JAW)
\etb@tempcnta=\count186
)
\@bls=\dimen138
 (/usr/share/texlive/texmf-dist/tex/latex/base/article.cls
Document Class: article 2021/10/04 v1.4n Standard LaTeX document class
(/usr/share/texlive/texmf-dist/tex/latex/base/size10.clo
File: size10.clo 2021/10/04 v1.4n Standard LaTeX file (size option)
)
\c@part=\count187
\c@section=\count188
\c@subsection=\count189
\c@subsubsection=\count190
\c@paragraph=\count191
\c@subparagraph=\count192
\c@figure=\count193
\c@table=\count194
\abovecaptionskip=\skip47
\belowcaptionskip=\skip48
\bibindent=\dimen139
) (/usr/share/texlive/texmf-dist/tex/latex/graphics/graphicx.sty
Package: graphicx 2021/09/16 v1.2d Enhanced LaTeX Graphics (DPC,SPQR)
 (/usr/share/texlive/texmf-dist/tex/latex/graphics/keyval.sty
Package: keyval 2014/10/28 v1.15 key=value parser (DPC)
\KV@toks@=\toks16
) (/usr/share/texlive/texmf-dist/tex/latex/graphics/graphics.sty
Package: graphics 2021/03/04 v1.4d Standard LaTeX Graphics (DPC,SPQR)
 (/usr/share/texlive/texmf-dist/tex/latex/graphics/trig.sty
Package: trig 2021/08/11 v1.11 sin cos tan (DPC)
) (/usr/share/texlive/texmf-dist/tex/latex/graphics-cfg/graphics.cfg
File: graphics.cfg 2016/06/04 v1.11 sample graphics configuration
)
Package graphics Info: Driver file: pdftex.def on input line 107.
 (/usr/share/texlive/texmf-dist/tex/latex/graphics-def/pdftex.def
File: pdftex.def 2020/10/05 v1.2a Graphics/color driver for pdftex
))
\Gin@req@height=\dimen140
\Gin@req@width=\dimen141
)
\c@tnote=\count195
\c@fnote=\count196
\c@cnote=\count197
\c@ead=\count198
\c@author=\count199
\@eadauthor=\toks17
\c@affn=\count266
\absbox=\box51
\elsarticlehighlightsbox=\box52
\elsarticlegrabsbox=\box53
\keybox=\box54
\Columnwidth=\dimen142
\space@left=\dimen143
\els@boxa=\box55
\els@boxb=\box56
\leftMargin=\dimen144
\@enLab=\toks18
\@sep=\skip49
\@@sep=\skip50
 (./main.spl) (/usr/share/texlive/texmf-dist/tex/latex/natbib/natbib.sty
Package: natbib 2010/09/13 8.31b (PWD, AO)
\bibhang=\skip51
\bibsep=\skip52
LaTeX Info: Redefining \cite on input line 694.
\c@NAT@ctr=\count267
)
\splwrite=\write3
\openout3 = `main.spl'.

 (/usr/share/texlive/texmf-dist/tex/latex/geometry/geometry.sty
Package: geometry 2020/01/02 v5.9 Page Geometry
 (/usr/share/texlive/texmf-dist/tex/generic/iftex/ifvtex.sty
Package: ifvtex 2019/10/25 v1.7 ifvtex legacy package. Use iftex instead.
 (/usr/share/texlive/texmf-dist/tex/generic/iftex/iftex.sty
Package: iftex 2020/03/06 v1.0d TeX engine tests
))
\Gm@cnth=\count268
\Gm@cntv=\count269
\c@Gm@tempcnt=\count270
\Gm@bindingoffset=\dimen145
\Gm@wd@mp=\dimen146
\Gm@odd@mp=\dimen147
\Gm@even@mp=\dimen148
\Gm@layoutwidth=\dimen149
\Gm@layoutheight=\dimen150
\Gm@layouthoffset=\dimen151
\Gm@layoutvoffset=\dimen152
\Gm@dimlist=\toks19
) (/usr/share/texlive/texmf-dist/tex/latex/base/fleqn.clo
File: fleqn.clo 2016/12/29 v1.2b Standard LaTeX option (flush left equations)
\mathindent=\skip53
Applying: [2015/01/01] Make \[ robust on input line 50.
LaTeX Info: Redefining \[ on input line 51.
Already applied: [0000/00/00] Make \[ robust on input line 62.
Applying: [2015/01/01] Make \] robust on input line 74.
LaTeX Info: Redefining \] on input line 75.
Already applied: [0000/00/00] Make \] robust on input line 83.
)
\appnamewidth=\dimen153
) (/usr/share/texlive/texmf-dist/tex/latex/txfonts/txfonts.sty
Package: txfonts 2008/01/22 v3.2.1
LaTeX Font Info:    Redeclaring symbol font `operators' on input line 21.
LaTeX Font Info:    Overwriting symbol font `operators' in version `normal'
(Font)                  OT1/cmr/m/n --> OT1/txr/m/n on input line 21.
LaTeX Font Info:    Overwriting symbol font `operators' in version `bold'
(Font)                  OT1/cmr/bx/n --> OT1/txr/m/n on input line 21.
LaTeX Font Info:    Overwriting symbol font `operators' in version `bold'
(Font)                  OT1/txr/m/n --> OT1/txr/bx/n on input line 22.
\symitalic=\mathgroup4
LaTeX Font Info:    Overwriting symbol font `italic' in version `bold'
(Font)                  OT1/txr/m/it --> OT1/txr/bx/it on input line 26.
LaTeX Font Info:    Redeclaring math alphabet \mathbf on input line 29.
LaTeX Font Info:    Overwriting math alphabet `\mathbf' in version `normal'
(Font)                  OT1/cmr/bx/n --> OT1/txr/bx/n on input line 29.
LaTeX Font Info:    Overwriting math alphabet `\mathbf' in version `bold'
(Font)                  OT1/cmr/bx/n --> OT1/txr/bx/n on input line 29.
LaTeX Font Info:    Redeclaring math alphabet \mathit on input line 30.
LaTeX Font Info:    Overwriting math alphabet `\mathit' in version `normal'
(Font)                  OT1/cmr/m/it --> OT1/txr/m/it on input line 30.
LaTeX Font Info:    Overwriting math alphabet `\mathit' in version `bold'
(Font)                  OT1/cmr/bx/it --> OT1/txr/m/it on input line 30.
LaTeX Font Info:    Overwriting math alphabet `\mathit' in version `bold'
(Font)                  OT1/txr/m/it --> OT1/txr/bx/it on input line 31.
LaTeX Font Info:    Redeclaring math alphabet \mathsf on input line 40.
LaTeX Font Info:    Overwriting math alphabet `\mathsf' in version `normal'
(Font)                  OT1/cmss/m/n --> OT1/txss/m/n on input line 40.
LaTeX Font Info:    Overwriting math alphabet `\mathsf' in version `bold'
(Font)                  OT1/cmss/bx/n --> OT1/txss/m/n on input line 40.
LaTeX Font Info:    Overwriting math alphabet `\mathsf' in version `bold'
(Font)                  OT1/txss/m/n --> OT1/txss/b/n on input line 41.
LaTeX Font Info:    Redeclaring math alphabet \mathtt on input line 50.
LaTeX Font Info:    Overwriting math alphabet `\mathtt' in version `normal'
(Font)                  OT1/cmtt/m/n --> OT1/txtt/m/n on input line 50.
LaTeX Font Info:    Overwriting math alphabet `\mathtt' in version `bold'
(Font)                  OT1/cmtt/m/n --> OT1/txtt/m/n on input line 50.
LaTeX Font Info:    Overwriting math alphabet `\mathtt' in version `bold'
(Font)                  OT1/txtt/m/n --> OT1/txtt/b/n on input line 51.
LaTeX Font Info:    Redeclaring symbol font `letters' on input line 58.
LaTeX Font Info:    Overwriting symbol font `letters' in version `normal'
(Font)                  OML/cmm/m/it --> OML/txmi/m/it on input line 58.
LaTeX Font Info:    Overwriting symbol font `letters' in version `bold'
(Font)                  OML/cmm/b/it --> OML/txmi/m/it on input line 58.
LaTeX Font Info:    Overwriting symbol font `letters' in version `bold'
(Font)                  OML/txmi/m/it --> OML/txmi/bx/it on input line 59.
\symlettersA=\mathgroup5
LaTeX Font Info:    Overwriting symbol font `lettersA' in version `bold'
(Font)                  U/txmia/m/it --> U/txmia/bx/it on input line 67.
LaTeX Font Info:    Redeclaring symbol font `symbols' on input line 77.
LaTeX Font Info:    Overwriting symbol font `symbols' in version `normal'
(Font)                  OMS/cmsy/m/n --> OMS/txsy/m/n on input line 77.
LaTeX Font Info:    Overwriting symbol font `symbols' in version `bold'
(Font)                  OMS/cmsy/b/n --> OMS/txsy/m/n on input line 77.
LaTeX Font Info:    Overwriting symbol font `symbols' in version `bold'
(Font)                  OMS/txsy/m/n --> OMS/txsy/bx/n on input line 78.
\symAMSa=\mathgroup6
LaTeX Font Info:    Overwriting symbol font `AMSa' in version `bold'
(Font)                  U/txsya/m/n --> U/txsya/bx/n on input line 94.
\symAMSb=\mathgroup7
LaTeX Font Info:    Overwriting symbol font `AMSb' in version `bold'
(Font)                  U/txsyb/m/n --> U/txsyb/bx/n on input line 103.
\symsymbolsC=\mathgroup8
LaTeX Font Info:    Overwriting symbol font `symbolsC' in version `bold'
(Font)                  U/txsyc/m/n --> U/txsyc/bx/n on input line 113.
LaTeX Font Info:    Redeclaring symbol font `largesymbols' on input line 120.
LaTeX Font Info:    Overwriting symbol font `largesymbols' in version `normal'
(Font)                  OMX/cmex/m/n --> OMX/txex/m/n on input line 120.
LaTeX Font Info:    Overwriting symbol font `largesymbols' in version `bold'
(Font)                  OMX/cmex/m/n --> OMX/txex/m/n on input line 120.
LaTeX Font Info:    Overwriting symbol font `largesymbols' in version `bold'
(Font)                  OMX/txex/m/n --> OMX/txex/bx/n on input line 121.
\symlargesymbolsA=\mathgroup9
LaTeX Font Info:    Overwriting symbol font `largesymbolsA' in version `bold'
(Font)                  U/txexa/m/n --> U/txexa/bx/n on input line 129.
LaTeX Font Info:    Redeclaring math symbol \mathsterling on input line 164.
LaTeX Font Info:    Redeclaring math symbol \hbar on input line 591.
LaTeX Info: Redefining \not on input line 1043.
) (/usr/share/texlive/texmf-dist/tex/latex/amsfonts/amssymb.sty
Package: amssymb 2013/01/14 v3.01 AMS font symbols
 (/usr/share/texlive/texmf-dist/tex/latex/amsfonts/amsfonts.sty
Package: amsfonts 2013/01/14 v3.01 Basic AMSFonts support
\@emptytoks=\toks20
LaTeX Font Info:    Redeclaring symbol font `AMSa' on input line 59.
LaTeX Font Info:    Overwriting symbol font `AMSa' in version `normal'
(Font)                  U/txsya/m/n --> U/msa/m/n on input line 59.
LaTeX Font Info:    Overwriting symbol font `AMSa' in version `bold'
(Font)                  U/txsya/bx/n --> U/msa/m/n on input line 59.
LaTeX Font Info:    Redeclaring symbol font `AMSb' on input line 60.
LaTeX Font Info:    Overwriting symbol font `AMSb' in version `normal'
(Font)                  U/txsyb/m/n --> U/msb/m/n on input line 60.
LaTeX Font Info:    Overwriting symbol font `AMSb' in version `bold'
(Font)                  U/txsyb/bx/n --> U/msb/m/n on input line 60.
LaTeX Font Info:    Redeclaring math delimiter \ulcorner on input line 74.
LaTeX Font Info:    Redeclaring math delimiter \urcorner on input line 75.
LaTeX Font Info:    Redeclaring math delimiter \llcorner on input line 76.
LaTeX Font Info:    Redeclaring math delimiter \lrcorner on input line 77.
LaTeX Font Info:    Redeclaring math symbol \square on input line 141.
LaTeX Font Info:    Redeclaring math symbol \lozenge on input line 142.
)
LaTeX Font Info:    Redeclaring math symbol \boxdot on input line 44.
LaTeX Font Info:    Redeclaring math symbol \boxplus on input line 45.
LaTeX Font Info:    Redeclaring math symbol \boxtimes on input line 46.
LaTeX Font Info:    Redeclaring math symbol \blacksquare on input line 48.
LaTeX Font Info:    Redeclaring math symbol \centerdot on input line 49.
LaTeX Font Info:    Redeclaring math symbol \blacklozenge on input line 51.
LaTeX Font Info:    Redeclaring math symbol \circlearrowright on input line 52.
LaTeX Font Info:    Redeclaring math symbol \circlearrowleft on input line 53.
LaTeX Font Info:    Redeclaring math symbol \leftrightharpoons on input line 56.
LaTeX Font Info:    Redeclaring math symbol \boxminus on input line 57.
LaTeX Font Info:    Redeclaring math symbol \Vdash on input line 58.
LaTeX Font Info:    Redeclaring math symbol \Vvdash on input line 59.
LaTeX Font Info:    Redeclaring math symbol \vDash on input line 60.
LaTeX Font Info:    Redeclaring math symbol \twoheadrightarrow on input line 61.
LaTeX Font Info:    Redeclaring math symbol \twoheadleftarrow on input line 62.
LaTeX Font Info:    Redeclaring math symbol \leftleftarrows on input line 63.
LaTeX Font Info:    Redeclaring math symbol \rightrightarrows on input line 64.
LaTeX Font Info:    Redeclaring math symbol \upuparrows on input line 65.
LaTeX Font Info:    Redeclaring math symbol \downdownarrows on input line 66.
LaTeX Font Info:    Redeclaring math symbol \upharpoonright on input line 67.
LaTeX Font Info:    Redeclaring math symbol \downharpoonright on input line 69.
LaTeX Font Info:    Redeclaring math symbol \upharpoonleft on input line 70.
LaTeX Font Info:    Redeclaring math symbol \downharpoonleft on input line 71.
LaTeX Font Info:    Redeclaring math symbol \rightarrowtail on input line 72.
LaTeX Font Info:    Redeclaring math symbol \leftarrowtail on input line 73.
LaTeX Font Info:    Redeclaring math symbol \leftrightarrows on input line 74.
LaTeX Font Info:    Redeclaring math symbol \rightleftarrows on input line 75.
LaTeX Font Info:    Redeclaring math symbol \Lsh on input line 76.
LaTeX Font Info:    Redeclaring math symbol \Rsh on input line 77.
LaTeX Font Info:    Redeclaring math symbol \leftrightsquigarrow on input line 79.
LaTeX Font Info:    Redeclaring math symbol \looparrowleft on input line 80.
LaTeX Font Info:    Redeclaring math symbol \looparrowright on input line 81.
LaTeX Font Info:    Redeclaring math symbol \circeq on input line 82.
LaTeX Font Info:    Redeclaring math symbol \succsim on input line 83.
LaTeX Font Info:    Redeclaring math symbol \gtrsim on input line 84.
LaTeX Font Info:    Redeclaring math symbol \gtrapprox on input line 85.
LaTeX Font Info:    Redeclaring math symbol \multimap on input line 86.
LaTeX Font Info:    Redeclaring math symbol \therefore on input line 87.
LaTeX Font Info:    Redeclaring math symbol \because on input line 88.
LaTeX Font Info:    Redeclaring math symbol \doteqdot on input line 89.
LaTeX Font Info:    Redeclaring math symbol \triangleq on input line 91.
LaTeX Font Info:    Redeclaring math symbol \precsim on input line 92.
LaTeX Font Info:    Redeclaring math symbol \lesssim on input line 93.
LaTeX Font Info:    Redeclaring math symbol \lessapprox on input line 94.
LaTeX Font Info:    Redeclaring math symbol \eqslantless on input line 95.
LaTeX Font Info:    Redeclaring math symbol \eqslantgtr on input line 96.
LaTeX Font Info:    Redeclaring math symbol \curlyeqprec on input line 97.
LaTeX Font Info:    Redeclaring math symbol \curlyeqsucc on input line 98.
LaTeX Font Info:    Redeclaring math symbol \preccurlyeq on input line 99.
LaTeX Font Info:    Redeclaring math symbol \leqq on input line 100.
LaTeX Font Info:    Redeclaring math symbol \leqslant on input line 101.
LaTeX Font Info:    Redeclaring math symbol \lessgtr on input line 102.
LaTeX Font Info:    Redeclaring math symbol \backprime on input line 103.
LaTeX Font Info:    Redeclaring math symbol \risingdotseq on input line 104.
LaTeX Font Info:    Redeclaring math symbol \fallingdotseq on input line 105.
LaTeX Font Info:    Redeclaring math symbol \succcurlyeq on input line 106.
LaTeX Font Info:    Redeclaring math symbol \geqq on input line 107.
LaTeX Font Info:    Redeclaring math symbol \geqslant on input line 108.
LaTeX Font Info:    Redeclaring math symbol \gtrless on input line 109.
LaTeX Font Info:    Redeclaring math symbol \bigstar on input line 117.
LaTeX Font Info:    Redeclaring math symbol \between on input line 118.
LaTeX Font Info:    Redeclaring math symbol \blacktriangledown on input line 119.
LaTeX Font Info:    Redeclaring math symbol \blacktriangleright on input line 120.
LaTeX Font Info:    Redeclaring math symbol \blacktriangleleft on input line 121.
LaTeX Font Info:    Redeclaring math symbol \vartriangle on input line 122.
LaTeX Font Info:    Redeclaring math symbol \blacktriangle on input line 123.
LaTeX Font Info:    Redeclaring math symbol \triangledown on input line 124.
LaTeX Font Info:    Redeclaring math symbol \eqcirc on input line 125.
LaTeX Font Info:    Redeclaring math symbol \lesseqgtr on input line 126.
LaTeX Font Info:    Redeclaring math symbol \gtreqless on input line 127.
LaTeX Font Info:    Redeclaring math symbol \lesseqqgtr on input line 128.
LaTeX Font Info:    Redeclaring math symbol \gtreqqless on input line 129.
LaTeX Font Info:    Redeclaring math symbol \Rrightarrow on input line 130.
LaTeX Font Info:    Redeclaring math symbol \Lleftarrow on input line 131.
LaTeX Font Info:    Redeclaring math symbol \veebar on input line 132.
LaTeX Font Info:    Redeclaring math symbol \barwedge on input line 133.
LaTeX Font Info:    Redeclaring math symbol \doublebarwedge on input line 134.
LaTeX Font Info:    Redeclaring math symbol \measuredangle on input line 137.
LaTeX Font Info:    Redeclaring math symbol \sphericalangle on input line 138.
LaTeX Font Info:    Redeclaring math symbol \varpropto on input line 139.
LaTeX Font Info:    Redeclaring math symbol \smallsmile on input line 140.
LaTeX Font Info:    Redeclaring math symbol \smallfrown on input line 141.
LaTeX Font Info:    Redeclaring math symbol \Subset on input line 142.
LaTeX Font Info:    Redeclaring math symbol \Supset on input line 143.
LaTeX Font Info:    Redeclaring math symbol \Cup on input line 144.
LaTeX Font Info:    Redeclaring math symbol \Cap on input line 146.
LaTeX Font Info:    Redeclaring math symbol \curlywedge on input line 148.
LaTeX Font Info:    Redeclaring math symbol \curlyvee on input line 149.
LaTeX Font Info:    Redeclaring math symbol \leftthreetimes on input line 150.
LaTeX Font Info:    Redeclaring math symbol \rightthreetimes on input line 151.
LaTeX Font Info:    Redeclaring math symbol \subseteqq on input line 152.
LaTeX Font Info:    Redeclaring math symbol \supseteqq on input line 153.
LaTeX Font Info:    Redeclaring math symbol \bumpeq on input line 154.
LaTeX Font Info:    Redeclaring math symbol \Bumpeq on input line 155.
LaTeX Font Info:    Redeclaring math symbol \lll on input line 156.
LaTeX Font Info:    Redeclaring math symbol \ggg on input line 158.
LaTeX Font Info:    Redeclaring math symbol \circledS on input line 160.
LaTeX Font Info:    Redeclaring math symbol \pitchfork on input line 161.
LaTeX Font Info:    Redeclaring math symbol \dotplus on input line 162.
LaTeX Font Info:    Redeclaring math symbol \backsim on input line 163.
LaTeX Font Info:    Redeclaring math symbol \backsimeq on input line 164.
LaTeX Font Info:    Redeclaring math symbol \complement on input line 165.
LaTeX Font Info:    Redeclaring math symbol \intercal on input line 166.
LaTeX Font Info:    Redeclaring math symbol \circledcirc on input line 167.
LaTeX Font Info:    Redeclaring math symbol \circledast on input line 168.
LaTeX Font Info:    Redeclaring math symbol \circleddash on input line 169.
LaTeX Font Info:    Redeclaring math symbol \lvertneqq on input line 171.
LaTeX Font Info:    Redeclaring math symbol \gvertneqq on input line 172.
LaTeX Font Info:    Redeclaring math symbol \nleq on input line 173.
LaTeX Font Info:    Redeclaring math symbol \ngeq on input line 174.
LaTeX Font Info:    Redeclaring math symbol \nless on input line 175.
LaTeX Font Info:    Redeclaring math symbol \ngtr on input line 176.
LaTeX Font Info:    Redeclaring math symbol \nprec on input line 177.
LaTeX Font Info:    Redeclaring math symbol \nsucc on input line 178.
LaTeX Font Info:    Redeclaring math symbol \lneqq on input line 179.
LaTeX Font Info:    Redeclaring math symbol \gneqq on input line 180.
LaTeX Font Info:    Redeclaring math symbol \nleqslant on input line 181.
LaTeX Font Info:    Redeclaring math symbol \ngeqslant on input line 182.
LaTeX Font Info:    Redeclaring math symbol \lneq on input line 183.
LaTeX Font Info:    Redeclaring math symbol \gneq on input line 184.
LaTeX Font Info:    Redeclaring math symbol \npreceq on input line 185.
LaTeX Font Info:    Redeclaring math symbol \nsucceq on input line 186.
LaTeX Font Info:    Redeclaring math symbol \precnsim on input line 187.
LaTeX Font Info:    Redeclaring math symbol \succnsim on input line 188.
LaTeX Font Info:    Redeclaring math symbol \lnsim on input line 189.
LaTeX Font Info:    Redeclaring math symbol \gnsim on input line 190.
LaTeX Font Info:    Redeclaring math symbol \nleqq on input line 191.
LaTeX Font Info:    Redeclaring math symbol \ngeqq on input line 192.
LaTeX Font Info:    Redeclaring math symbol \precneqq on input line 193.
LaTeX Font Info:    Redeclaring math symbol \succneqq on input line 194.
LaTeX Font Info:    Redeclaring math symbol \precnapprox on input line 195.
LaTeX Font Info:    Redeclaring math symbol \succnapprox on input line 196.
LaTeX Font Info:    Redeclaring math symbol \lnapprox on input line 197.
LaTeX Font Info:    Redeclaring math symbol \gnapprox on input line 198.
LaTeX Font Info:    Redeclaring math symbol \nsim on input line 199.
LaTeX Font Info:    Redeclaring math symbol \ncong on input line 200.
LaTeX Font Info:    Redeclaring math symbol \diagup on input line 201.
LaTeX Font Info:    Redeclaring math symbol \diagdown on input line 202.
LaTeX Font Info:    Redeclaring math symbol \varsubsetneq on input line 203.
LaTeX Font Info:    Redeclaring math symbol \varsupsetneq on input line 204.
LaTeX Font Info:    Redeclaring math symbol \nsubseteqq on input line 205.
LaTeX Font Info:    Redeclaring math symbol \nsupseteqq on input line 206.
LaTeX Font Info:    Redeclaring math symbol \subsetneqq on input line 207.
LaTeX Font Info:    Redeclaring math symbol \supsetneqq on input line 208.
LaTeX Font Info:    Redeclaring math symbol \varsubsetneqq on input line 209.
LaTeX Font Info:    Redeclaring math symbol \varsupsetneqq on input line 210.
LaTeX Font Info:    Redeclaring math symbol \subsetneq on input line 211.
LaTeX Font Info:    Redeclaring math symbol \supsetneq on input line 212.
LaTeX Font Info:    Redeclaring math symbol \nsubseteq on input line 213.
LaTeX Font Info:    Redeclaring math symbol \nsupseteq on input line 214.
LaTeX Font Info:    Redeclaring math symbol \nparallel on input line 215.
LaTeX Font Info:    Redeclaring math symbol \nmid on input line 216.
LaTeX Font Info:    Redeclaring math symbol \nshortmid on input line 217.
LaTeX Font Info:    Redeclaring math symbol \nshortparallel on input line 218.
LaTeX Font Info:    Redeclaring math symbol \nvdash on input line 219.
LaTeX Font Info:    Redeclaring math symbol \nVdash on input line 220.
LaTeX Font Info:    Redeclaring math symbol \nvDash on input line 221.
LaTeX Font Info:    Redeclaring math symbol \nVDash on input line 222.
LaTeX Font Info:    Redeclaring math symbol \ntrianglerighteq on input line 223.
LaTeX Font Info:    Redeclaring math symbol \ntrianglelefteq on input line 224.
LaTeX Font Info:    Redeclaring math symbol \ntriangleleft on input line 225.
LaTeX Font Info:    Redeclaring math symbol \ntriangleright on input line 226.
LaTeX Font Info:    Redeclaring math symbol \nleftarrow on input line 227.
LaTeX Font Info:    Redeclaring math symbol \nrightarrow on input line 228.
LaTeX Font Info:    Redeclaring math symbol \nLeftarrow on input line 229.
LaTeX Font Info:    Redeclaring math symbol \nRightarrow on input line 230.
LaTeX Font Info:    Redeclaring math symbol \nLeftrightarrow on input line 231.
LaTeX Font Info:    Redeclaring math symbol \nleftrightarrow on input line 232.
LaTeX Font Info:    Redeclaring math symbol \divideontimes on input line 233.
LaTeX Font Info:    Redeclaring math symbol \varnothing on input line 234.
LaTeX Font Info:    Redeclaring math symbol \nexists on input line 235.
LaTeX Font Info:    Redeclaring math symbol \Finv on input line 236.
LaTeX Font Info:    Redeclaring math symbol \Game on input line 237.
LaTeX Font Info:    Redeclaring math symbol \eth on input line 240.
LaTeX Font Info:    Redeclaring math symbol \eqsim on input line 241.
LaTeX Font Info:    Redeclaring math symbol \beth on input line 242.
LaTeX Font Info:    Redeclaring math symbol \gimel on input line 243.
LaTeX Font Info:    Redeclaring math symbol \daleth on input line 244.
LaTeX Font Info:    Redeclaring math symbol \lessdot on input line 245.
LaTeX Font Info:    Redeclaring math symbol \gtrdot on input line 246.
LaTeX Font Info:    Redeclaring math symbol \ltimes on input line 247.
LaTeX Font Info:    Redeclaring math symbol \rtimes on input line 248.
LaTeX Font Info:    Redeclaring math symbol \shortmid on input line 249.
LaTeX Font Info:    Redeclaring math symbol \shortparallel on input line 250.
LaTeX Font Info:    Redeclaring math symbol \smallsetminus on input line 251.
LaTeX Font Info:    Redeclaring math symbol \thicksim on input line 252.
LaTeX Font Info:    Redeclaring math symbol \thickapprox on input line 253.
LaTeX Font Info:    Redeclaring math symbol \approxeq on input line 254.
LaTeX Font Info:    Redeclaring math symbol \succapprox on input line 255.
LaTeX Font Info:    Redeclaring math symbol \precapprox on input line 256.
LaTeX Font Info:    Redeclaring math symbol \curvearrowleft on input line 257.
LaTeX Font Info:    Redeclaring math symbol \curvearrowright on input line 258.
LaTeX Font Info:    Redeclaring math symbol \digamma on input line 259.
LaTeX Font Info:    Redeclaring math symbol \varkappa on input line 260.
LaTeX Font Info:    Redeclaring math symbol \Bbbk on input line 261.
LaTeX Font Info:    Redeclaring math symbol \hslash on input line 262.
LaTeX Font Info:    Redeclaring math symbol \backepsilon on input line 265.
) (/usr/share/texlive/texmf-dist/tex/latex/amsmath/amsmath.sty
Package: amsmath 2021/10/15 v2.17l AMS math features
\@mathmargin=\skip54

For additional information on amsmath, use the `?' option.
(/usr/share/texlive/texmf-dist/tex/latex/amsmath/amstext.sty
Package: amstext 2021/08/26 v2.01 AMS text
 (/usr/share/texlive/texmf-dist/tex/latex/amsmath/amsgen.sty
File: amsgen.sty 1999/11/30 v2.0 generic functions
\@emptytoks=\toks21
\ex@=\dimen154
)) (/usr/share/texlive/texmf-dist/tex/latex/amsmath/amsbsy.sty
Package: amsbsy 1999/11/29 v1.2d Bold Symbols
\pmbraise@=\dimen155
) (/usr/share/texlive/texmf-dist/tex/latex/amsmath/amsopn.sty
Package: amsopn 2021/08/26 v2.02 operator names
)
\inf@bad=\count271
LaTeX Info: Redefining \frac on input line 234.
\uproot@=\count272
\leftroot@=\count273
LaTeX Info: Redefining \overline on input line 399.
\classnum@=\count274
\DOTSCASE@=\count275
LaTeX Info: Redefining \ldots on input line 496.
LaTeX Info: Redefining \dots on input line 499.
LaTeX Info: Redefining \cdots on input line 620.
\Mathstrutbox@=\box57
\strutbox@=\box58
\big@size=\dimen156
LaTeX Font Info:    Redeclaring font encoding OML on input line 743.
LaTeX Font Info:    Redeclaring font encoding OMS on input line 744.
\macc@depth=\count276
\c@MaxMatrixCols=\count277
\dotsspace@=\muskip16
\c@parentequation=\count278
\dspbrk@lvl=\count279
\tag@help=\toks22
\row@=\count280
\column@=\count281
\maxfields@=\count282
\andhelp@=\toks23
\eqnshift@=\dimen157
\alignsep@=\dimen158
\tagshift@=\dimen159
\tagwidth@=\dimen160
\totwidth@=\dimen161
\lineht@=\dimen162
\@envbody=\toks24
\multlinegap=\skip55
\multlinetaggap=\skip56
\mathdisplay@stack=\toks25
LaTeX Info: Redefining \[ on input line 2938.
LaTeX Info: Redefining \] on input line 2939.
) (/usr/share/texmf/tex/latex/CJK/CJKutf8.sty
Package: CJKutf8 2015/04/18 4.8.4
 (/usr/share/texlive/texmf-dist/tex/generic/iftex/ifpdf.sty
Package: ifpdf 2019/10/25 v3.4 ifpdf legacy package. Use iftex instead.
) (/usr/share/texlive/texmf-dist/tex/latex/base/inputenc.sty
Package: inputenc 2021/02/14 v1.3d Input encoding file
\inpenc@prehook=\toks26
\inpenc@posthook=\toks27
) (/usr/share/texmf/tex/latex/CJK/CJK.sty
Package: CJK 2015/04/18 4.8.4
 (/usr/share/texmf/tex/latex/CJK/mule/MULEenc.sty
Package: MULEenc 2015/04/18 4.8.4
) (/usr/share/texmf/tex/latex/CJK/CJK.enc
File: CJK.enc 2015/04/18 4.8.4
Now handling font encoding C00 ...
... no UTF-8 mapping file for font encoding C00
Now handling font encoding C05 ...
... no UTF-8 mapping file for font encoding C05
Now handling font encoding C09 ...
... no UTF-8 mapping file for font encoding C09
Now handling font encoding C10 ...
... no UTF-8 mapping file for font encoding C10
Now handling font encoding C20 ...
... no UTF-8 mapping file for font encoding C20
Now handling font encoding C19 ...
... no UTF-8 mapping file for font encoding C19
Now handling font encoding C40 ...
... no UTF-8 mapping file for font encoding C40
Now handling font encoding C42 ...
... no UTF-8 mapping file for font encoding C42
Now handling font encoding C43 ...
... no UTF-8 mapping file for font encoding C43
Now handling font encoding C50 ...
... no UTF-8 mapping file for font encoding C50
Now handling font encoding C52 ...
... no UTF-8 mapping file for font encoding C52
Now handling font encoding C49 ...
... no UTF-8 mapping file for font encoding C49
Now handling font encoding C60 ...
... no UTF-8 mapping file for font encoding C60
Now handling font encoding C61 ...
... no UTF-8 mapping file for font encoding C61
Now handling font encoding C63 ...
... no UTF-8 mapping file for font encoding C63
Now handling font encoding C64 ...
... no UTF-8 mapping file for font encoding C64
Now handling font encoding C65 ...
... no UTF-8 mapping file for font encoding C65
Now handling font encoding C70 ...
... no UTF-8 mapping file for font encoding C70
Now handling font encoding C31 ...
... no UTF-8 mapping file for font encoding C31
Now handling font encoding C32 ...
... no UTF-8 mapping file for font encoding C32
Now handling font encoding C33 ...
... no UTF-8 mapping file for font encoding C33
Now handling font encoding C34 ...
... no UTF-8 mapping file for font encoding C34
Now handling font encoding C35 ...
... no UTF-8 mapping file for font encoding C35
Now handling font encoding C36 ...
... no UTF-8 mapping file for font encoding C36
Now handling font encoding C37 ...
... no UTF-8 mapping file for font encoding C37
Now handling font encoding C80 ...
... no UTF-8 mapping file for font encoding C80
Now handling font encoding C81 ...
... no UTF-8 mapping file for font encoding C81
Now handling font encoding C01 ...
... no UTF-8 mapping file for font encoding C01
Now handling font encoding C11 ...
... no UTF-8 mapping file for font encoding C11
Now handling font encoding C21 ...
... no UTF-8 mapping file for font encoding C21
Now handling font encoding C41 ...
... no UTF-8 mapping file for font encoding C41
Now handling font encoding C62 ...
... no UTF-8 mapping file for font encoding C62
)
LaTeX Info: Redefining \selectfont on input line 755.
\CJK@indent=\box59
) (/usr/share/texlive/texmf-dist/tex/latex/base/fontenc.sty
Package: fontenc 2021/04/29 v2.0v Standard LaTeX package
LaTeX Font Info:    Trying to load font information for OT1+txr on input line 112.
 (/usr/share/texlive/texmf-dist/tex/latex/txfonts/ot1txr.fd
File: ot1txr.fd 2000/12/15 v3.1
))) (/usr/share/texlive/texmf-dist/tex/latex/lipsum/lipsum.sty (/usr/share/texlive/texmf-dist/tex/latex/l3packages/l3keys2e/l3keys2e.sty
Package: l3keys2e 2022-01-12 LaTeX2e option processing using LaTeX3 keys
)
Package: lipsum 2021-09-20 v2.7 150 paragraphs of Lorem Ipsum dummy text
\g__lipsum_par_int=\count283
\l__lipsum_a_int=\count284
\l__lipsum_b_int=\count285
 (/usr/share/texlive/texmf-dist/tex/latex/lipsum/lipsum.ltd.tex)) (/usr/share/texlive/texmf-dist/tex/latex/caption/subcaption.sty
Package: subcaption 2020/10/07 v1.3j Sub-captions (AR)
 (/usr/share/texlive/texmf-dist/tex/latex/caption/caption.sty
Package: caption 2020/10/26 v3.5g Customizing captions (AR)
 (/usr/share/texlive/texmf-dist/tex/latex/caption/caption3.sty
Package: caption3 2020/10/21 v2.2e caption3 kernel (AR)
\captionmargin=\dimen163
\captionmargin@=\dimen164
\captionwidth=\dimen165
\caption@tempdima=\dimen166
\caption@indent=\dimen167
\caption@parindent=\dimen168
\caption@hangindent=\dimen169
Package caption Info: elsarticle document class detected.
 (/usr/share/texlive/texmf-dist/tex/latex/caption/caption-elsarticle.sto
File: caption-elsarticle.sto 2020/08/22 v2.0 Adaption of the caption package to the elsarticle document class (AR)
))
\c@caption@flags=\count286
\c@continuedfloat=\count287
)
\c@subfigure=\count288
\c@subtable=\count289
) (/usr/share/texlive/texmf-dist/tex/latex/placeins/placeins.sty
Package: placeins 2005/04/18  v 2.2
) (/usr/share/texlive/texmf-dist/tex/latex/tools/tabularx.sty
Package: tabularx 2020/01/15 v2.11c `tabularx' package (DPC)
 (/usr/share/texlive/texmf-dist/tex/latex/tools/array.sty
Package: array 2021/10/04 v2.5f Tabular extension package (FMi)
\col@sep=\dimen170
\ar@mcellbox=\box60
\extrarowheight=\dimen171
\NC@list=\toks28
\extratabsurround=\skip57
\backup@length=\skip58
\ar@cellbox=\box61
)
\TX@col@width=\dimen172
\TX@old@table=\dimen173
\TX@old@col=\dimen174
\TX@target=\dimen175
\TX@delta=\dimen176
\TX@cols=\count290
\TX@ftn=\toks29
) (/usr/share/texlive/texmf-dist/tex/latex/makecell/makecell.sty
Package: makecell 2009/08/03 V0.1e Managing of Tab Column Heads and Cells
\rotheadsize=\dimen177
\c@nlinenum=\count291
\TeXr@lab=\toks30
) (/usr/share/texlive/texmf-dist/tex/latex/xcolor/xcolor.sty
Package: xcolor 2021/10/31 v2.13 LaTeX color extensions (UK)
 (/usr/share/texlive/texmf-dist/tex/latex/graphics-cfg/color.cfg
File: color.cfg 2016/01/02 v1.6 sample color configuration
)
Package xcolor Info: Driver file: pdftex.def on input line 227.
Package xcolor Info: Model `cmy' substituted by `cmy0' on input line 1352.
Package xcolor Info: Model `hsb' substituted by `rgb' on input line 1356.
Package xcolor Info: Model `RGB' extended on input line 1368.
Package xcolor Info: Model `HTML' substituted by `rgb' on input line 1370.
Package xcolor Info: Model `Hsb' substituted by `hsb' on input line 1371.
Package xcolor Info: Model `tHsb' substituted by `hsb' on input line 1372.
Package xcolor Info: Model `HSB' substituted by `hsb' on input line 1373.
Package xcolor Info: Model `Gray' substituted by `gray' on input line 1374.
Package xcolor Info: Model `wave' substituted by `hsb' on input line 1375.
) (/usr/share/texlive/texmf-dist/tex/latex/hyperref/hyperref.sty
Package: hyperref 2021-06-07 v7.00m Hypertext links for LaTeX
 (/usr/share/texlive/texmf-dist/tex/generic/ltxcmds/ltxcmds.sty
Package: ltxcmds 2020-05-10 v1.25 LaTeX kernel commands for general use (HO)
) (/usr/share/texlive/texmf-dist/tex/generic/pdftexcmds/pdftexcmds.sty
Package: pdftexcmds 2020-06-27 v0.33 Utility functions of pdfTeX for LuaTeX (HO)
 (/usr/share/texlive/texmf-dist/tex/generic/infwarerr/infwarerr.sty
Package: infwarerr 2019/12/03 v1.5 Providing info/warning/error messages (HO)
)
Package pdftexcmds Info: \pdf@primitive is available.
Package pdftexcmds Info: \pdf@ifprimitive is available.
Package pdftexcmds Info: \pdfdraftmode found.
) (/usr/share/texlive/texmf-dist/tex/generic/kvsetkeys/kvsetkeys.sty
Package: kvsetkeys 2019/12/15 v1.18 Key value parser (HO)
) (/usr/share/texlive/texmf-dist/tex/generic/kvdefinekeys/kvdefinekeys.sty
Package: kvdefinekeys 2019-12-19 v1.6 Define keys (HO)
) (/usr/share/texlive/texmf-dist/tex/generic/pdfescape/pdfescape.sty
Package: pdfescape 2019/12/09 v1.15 Implements pdfTeX's escape features (HO)
) (/usr/share/texlive/texmf-dist/tex/latex/hycolor/hycolor.sty
Package: hycolor 2020-01-27 v1.10 Color options for hyperref/bookmark (HO)
) (/usr/share/texlive/texmf-dist/tex/latex/letltxmacro/letltxmacro.sty
Package: letltxmacro 2019/12/03 v1.6 Let assignment for LaTeX macros (HO)
) (/usr/share/texlive/texmf-dist/tex/latex/auxhook/auxhook.sty
Package: auxhook 2019-12-17 v1.6 Hooks for auxiliary files (HO)
) (/usr/share/texlive/texmf-dist/tex/latex/kvoptions/kvoptions.sty
Package: kvoptions 2020-10-07 v3.14 Key value format for package options (HO)
)
\@linkdim=\dimen178
\Hy@linkcounter=\count292
\Hy@pagecounter=\count293
 (/usr/share/texlive/texmf-dist/tex/latex/hyperref/pd1enc.def
File: pd1enc.def 2021-06-07 v7.00m Hyperref: PDFDocEncoding definition (HO)
Now handling font encoding PD1 ...
... no UTF-8 mapping file for font encoding PD1
) (/usr/share/texlive/texmf-dist/tex/latex/hyperref/hyperref-langpatches.def
File: hyperref-langpatches.def 2021-06-07 v7.00m Hyperref: patches for babel languages
) (/usr/share/texlive/texmf-dist/tex/generic/intcalc/intcalc.sty
Package: intcalc 2019/12/15 v1.3 Expandable calculations with integers (HO)
) (/usr/share/texlive/texmf-dist/tex/generic/etexcmds/etexcmds.sty
Package: etexcmds 2019/12/15 v1.7 Avoid name clashes with e-TeX commands (HO)
)
\Hy@SavedSpaceFactor=\count294
 (/usr/share/texlive/texmf-dist/tex/latex/hyperref/puenc.def
File: puenc.def 2021-06-07 v7.00m Hyperref: PDF Unicode definition (HO)
Now handling font encoding PU ...
... no UTF-8 mapping file for font encoding PU
)
Package hyperref Info: Option `final' set `true' on input line 4073.
Package hyperref Info: Hyper figures OFF on input line 4192.
Package hyperref Info: Link nesting OFF on input line 4197.
Package hyperref Info: Hyper index ON on input line 4200.
Package hyperref Info: Plain pages OFF on input line 4207.
Package hyperref Info: Backreferencing OFF on input line 4212.
Package hyperref Info: Implicit mode ON; LaTeX internals redefined.
Package hyperref Info: Bookmarks ON on input line 4445.
\c@Hy@tempcnt=\count295
 (/usr/share/texlive/texmf-dist/tex/latex/url/url.sty
\Urlmuskip=\muskip17
Package: url 2013/09/16  ver 3.4  Verb mode for urls, etc.
)
LaTeX Info: Redefining \url on input line 4804.
\XeTeXLinkMargin=\dimen179
 (/usr/share/texlive/texmf-dist/tex/generic/bitset/bitset.sty
Package: bitset 2019/12/09 v1.3 Handle bit-vector datatype (HO)
 (/usr/share/texlive/texmf-dist/tex/generic/bigintcalc/bigintcalc.sty
Package: bigintcalc 2019/12/15 v1.5 Expandable calculations on big integers (HO)
))
\Fld@menulength=\count296
\Field@Width=\dimen180
\Fld@charsize=\dimen181
Package hyperref Info: Hyper figures OFF on input line 6076.
Package hyperref Info: Link nesting OFF on input line 6081.
Package hyperref Info: Hyper index ON on input line 6084.
Package hyperref Info: backreferencing OFF on input line 6091.
Package hyperref Info: Link coloring OFF on input line 6096.
Package hyperref Info: Link coloring with OCG OFF on input line 6101.
Package hyperref Info: PDF/A mode OFF on input line 6106.
LaTeX Info: Redefining \ref on input line 6146.
LaTeX Info: Redefining \pageref on input line 6150.
 (/usr/share/texlive/texmf-dist/tex/latex/base/atbegshi-ltx.sty
Package: atbegshi-ltx 2021/01/10 v1.0c Emulation of the original atbegshi
package with kernel methods
)
\Hy@abspage=\count297
\c@Item=\count298
\c@Hfootnote=\count299
)
Package hyperref Info: Driver (autodetected): hpdftex.
 (/usr/share/texlive/texmf-dist/tex/latex/hyperref/hpdftex.def
File: hpdftex.def 2021-06-07 v7.00m Hyperref driver for pdfTeX
 (/usr/share/texlive/texmf-dist/tex/latex/base/atveryend-ltx.sty
Package: atveryend-ltx 2020/08/19 v1.0a Emulation of the original atveryend package
with kernel methods
)
\Fld@listcount=\count300
\c@bookmark@seq@number=\count301
 (/usr/share/texlive/texmf-dist/tex/latex/rerunfilecheck/rerunfilecheck.sty
Package: rerunfilecheck 2019/12/05 v1.9 Rerun checks for auxiliary files (HO)
 (/usr/share/texlive/texmf-dist/tex/generic/uniquecounter/uniquecounter.sty
Package: uniquecounter 2019/12/15 v1.4 Provide unlimited unique counter (HO)
)
Package uniquecounter Info: New unique counter `rerunfilecheck' on input line 286.
)
\Hy@SectionHShift=\skip59
) (/usr/share/texlive/texmf-dist/tex/latex/listings/listings.sty
\lst@mode=\count302
\lst@gtempboxa=\box62
\lst@token=\toks31
\lst@length=\count303
\lst@currlwidth=\dimen182
\lst@column=\count304
\lst@pos=\count305
\lst@lostspace=\dimen183
\lst@width=\dimen184
\lst@newlines=\count306
\lst@lineno=\count307
\lst@maxwidth=\dimen185
 (/usr/share/texlive/texmf-dist/tex/latex/listings/lstmisc.sty
File: lstmisc.sty 2020/03/24 1.8d (Carsten Heinz)
\c@lstnumber=\count308
\lst@skipnumbers=\count309
\lst@framebox=\box63
) (/usr/share/texlive/texmf-dist/tex/latex/listings/listings.cfg
File: listings.cfg 2020/03/24 1.8d listings configuration
))
Package: listings 2020/03/24 1.8d (Carsten Heinz)
 (./main.aux

LaTeX Warning: Label `fig:sub1' multiply defined.


LaTeX Warning: Label `sub@fig:sub1' multiply defined.


LaTeX Warning: Label `fig:sub1' multiply defined.


LaTeX Warning: Label `sub@fig:sub1' multiply defined.


LaTeX Warning: Label `fig:sub2' multiply defined.


LaTeX Warning: Label `sub@fig:sub2' multiply defined.


LaTeX Warning: Label `fig:sub1' multiply defined.


LaTeX Warning: Label `sub@fig:sub1' multiply defined.


LaTeX Warning: Label `fig:sub2' multiply defined.


LaTeX Warning: Label `sub@fig:sub2' multiply defined.


LaTeX Warning: Label `fig:sub1' multiply defined.


LaTeX Warning: Label `sub@fig:sub1' multiply defined.


LaTeX Warning: Label `fig:sub2' multiply defined.


LaTeX Warning: Label `sub@fig:sub2' multiply defined.


LaTeX Warning: Label `fig:sub1' multiply defined.


LaTeX Warning: Label `sub@fig:sub1' multiply defined.


LaTeX Warning: Label `fig:sub2' multiply defined.


LaTeX Warning: Label `sub@fig:sub2' multiply defined.


LaTeX Warning: Label `fig:sub1' multiply defined.


LaTeX Warning: Label `sub@fig:sub1' multiply defined.


LaTeX Warning: Label `fig:sub2' multiply defined.


LaTeX Warning: Label `sub@fig:sub2' multiply defined.


LaTeX Warning: Label `fig:sub1' multiply defined.


LaTeX Warning: Label `sub@fig:sub1' multiply defined.


LaTeX Warning: Label `fig:sub2' multiply defined.


LaTeX Warning: Label `sub@fig:sub2' multiply defined.

)
\openout1 = `main.aux'.

LaTeX Font Info:    Checking defaults for OML/txmi/m/it on input line 105.
LaTeX Font Info:    Trying to load font information for OML+txmi on input line 105.
 (/usr/share/texlive/texmf-dist/tex/latex/txfonts/omltxmi.fd
File: omltxmi.fd 2000/12/15 v3.1
)
LaTeX Font Info:    ... okay on input line 105.
LaTeX Font Info:    Checking defaults for OMS/txsy/m/n on input line 105.
LaTeX Font Info:    Trying to load font information for OMS+txsy on input line 105.
 (/usr/share/texlive/texmf-dist/tex/latex/txfonts/omstxsy.fd
File: omstxsy.fd 2000/12/15 v3.1
)
LaTeX Font Info:    ... okay on input line 105.
LaTeX Font Info:    Checking defaults for OT1/cmr/m/n on input line 105.
LaTeX Font Info:    ... okay on input line 105.
LaTeX Font Info:    Checking defaults for T1/cmr/m/n on input line 105.
LaTeX Font Info:    ... okay on input line 105.
LaTeX Font Info:    Checking defaults for TS1/cmr/m/n on input line 105.
LaTeX Font Info:    ... okay on input line 105.
LaTeX Font Info:    Checking defaults for OMX/txex/m/n on input line 105.
LaTeX Font Info:    Trying to load font information for OMX+txex on input line 105.
 (/usr/share/texlive/texmf-dist/tex/latex/txfonts/omxtxex.fd
File: omxtxex.fd 2000/12/15 v3.1
)
LaTeX Font Info:    ... okay on input line 105.
LaTeX Font Info:    Checking defaults for U/txexa/m/n on input line 105.
LaTeX Font Info:    Trying to load font information for U+txexa on input line 105.
 (/usr/share/texlive/texmf-dist/tex/latex/txfonts/utxexa.fd
File: utxexa.fd 2000/12/15 v3.1
)
LaTeX Font Info:    ... okay on input line 105.
LaTeX Font Info:    Checking defaults for C00/song/m/n on input line 105.
LaTeX Font Info:    ... okay on input line 105.
LaTeX Font Info:    Checking defaults for C05/song/m/n on input line 105.
LaTeX Font Info:    ... okay on input line 105.
LaTeX Font Info:    Checking defaults for C09/song/m/n on input line 105.
LaTeX Font Info:    ... okay on input line 105.
LaTeX Font Info:    Checking defaults for C10/song/m/n on input line 105.
LaTeX Font Info:    ... okay on input line 105.
LaTeX Font Info:    Checking defaults for C20/song/m/n on input line 105.
LaTeX Font Info:    ... okay on input line 105.
LaTeX Font Info:    Checking defaults for C19/song/m/n on input line 105.
LaTeX Font Info:    ... okay on input line 105.
LaTeX Font Info:    Checking defaults for C40/song/m/n on input line 105.
LaTeX Font Info:    ... okay on input line 105.
LaTeX Font Info:    Checking defaults for C42/song/m/n on input line 105.
LaTeX Font Info:    ... okay on input line 105.
LaTeX Font Info:    Checking defaults for C43/song/m/n on input line 105.
LaTeX Font Info:    ... okay on input line 105.
LaTeX Font Info:    Checking defaults for C50/song/m/n on input line 105.
LaTeX Font Info:    ... okay on input line 105.
LaTeX Font Info:    Checking defaults for C52/song/m/n on input line 105.
LaTeX Font Info:    ... okay on input line 105.
LaTeX Font Info:    Checking defaults for C49/song/m/n on input line 105.
LaTeX Font Info:    ... okay on input line 105.
LaTeX Font Info:    Checking defaults for C60/mj/m/n on input line 105.
LaTeX Font Info:    ... okay on input line 105.
LaTeX Font Info:    Checking defaults for C61/mj/m/n on input line 105.
LaTeX Font Info:    ... okay on input line 105.
LaTeX Font Info:    Checking defaults for C63/mj/m/n on input line 105.
LaTeX Font Info:    ... okay on input line 105.
LaTeX Font Info:    Checking defaults for C64/mj/m/n on input line 105.
LaTeX Font Info:    ... okay on input line 105.
LaTeX Font Info:    Checking defaults for C65/mj/m/n on input line 105.
LaTeX Font Info:    ... okay on input line 105.
LaTeX Font Info:    Checking defaults for C70/song/m/n on input line 105.
LaTeX Font Info:    ... okay on input line 105.
LaTeX Font Info:    Checking defaults for C31/song/m/n on input line 105.
LaTeX Font Info:    ... okay on input line 105.
LaTeX Font Info:    Checking defaults for C32/song/m/n on input line 105.
LaTeX Font Info:    ... okay on input line 105.
LaTeX Font Info:    Checking defaults for C33/song/m/n on input line 105.
LaTeX Font Info:    ... okay on input line 105.
LaTeX Font Info:    Checking defaults for C34/song/m/n on input line 105.
LaTeX Font Info:    ... okay on input line 105.
LaTeX Font Info:    Checking defaults for C35/song/m/n on input line 105.
LaTeX Font Info:    ... okay on input line 105.
LaTeX Font Info:    Checking defaults for C36/song/m/n on input line 105.
LaTeX Font Info:    ... okay on input line 105.
LaTeX Font Info:    Checking defaults for C37/song/m/n on input line 105.
LaTeX Font Info:    ... okay on input line 105.
LaTeX Font Info:    Checking defaults for C80/song/m/n on input line 105.
LaTeX Font Info:    ... okay on input line 105.
LaTeX Font Info:    Checking defaults for C81/song/m/n on input line 105.
LaTeX Font Info:    ... okay on input line 105.
LaTeX Font Info:    Checking defaults for C01/song/m/n on input line 105.
LaTeX Font Info:    ... okay on input line 105.
LaTeX Font Info:    Checking defaults for C11/song/m/n on input line 105.
LaTeX Font Info:    ... okay on input line 105.
LaTeX Font Info:    Checking defaults for C21/song/m/n on input line 105.
LaTeX Font Info:    ... okay on input line 105.
LaTeX Font Info:    Checking defaults for C41/song/m/n on input line 105.
LaTeX Font Info:    ... okay on input line 105.
LaTeX Font Info:    Checking defaults for C62/song/m/n on input line 105.
LaTeX Font Info:    ... okay on input line 105.
LaTeX Font Info:    Checking defaults for PD1/pdf/m/n on input line 105.
LaTeX Font Info:    ... okay on input line 105.
LaTeX Font Info:    Checking defaults for PU/pdf/m/n on input line 105.
LaTeX Font Info:    ... okay on input line 105.
 (/usr/share/texlive/texmf-dist/tex/context/base/mkii/supp-pdf.mkii
[Loading MPS to PDF converter (version 2006.09.02).]
\scratchcounter=\count310
\scratchdimen=\dimen186
\scratchbox=\box64
\nofMPsegments=\count311
\nofMParguments=\count312
\everyMPshowfont=\toks32
\MPscratchCnt=\count313
\MPscratchDim=\dimen187
\MPnumerator=\count314
\makeMPintoPDFobject=\count315
\everyMPtoPDFconversion=\toks33
) (/usr/share/texlive/texmf-dist/tex/latex/epstopdf-pkg/epstopdf-base.sty
Package: epstopdf-base 2020-01-24 v2.11 Base part for package epstopdf
Package epstopdf-base Info: Redefining graphics rule for `.eps' on input line 485.
 (/usr/share/texlive/texmf-dist/tex/latex/latexconfig/epstopdf-sys.cfg
File: epstopdf-sys.cfg 2010/07/13 v1.3 Configuration of (r)epstopdf for TeX Live
))
*geometry* driver: auto-detecting
*geometry* detected driver: pdftex
*geometry* verbose mode - [ preamble ] result:
* driver: pdftex
* paper: custom
* layout: <same size as paper>
* layoutoffset:(h,v)=(0.0pt,0.0pt)
* hratio: 1:1
* vratio: 1:1
* modes: 
* h-part:(L,W,R)=(37.75394pt, 522.0pt, 37.75394pt)
* v-part:(T,H,B)=(81.52342pt, 682.0pt, 81.52342pt)
* \paperwidth=597.50787pt
* \paperheight=845.04684pt
* \textwidth=522.0pt
* \textheight=682.0pt
* \oddsidemargin=-34.51605pt
* \evensidemargin=-34.51605pt
* \topmargin=-52.74657pt
* \headheight=50.0pt
* \headsep=12.0pt
* \topskip=10.0pt
* \footskip=18.0pt
* \marginparwidth=4.0pt
* \marginparsep=10.0pt
* \columnsep=18.0pt
* \skip\footins=24.0pt plus 2.0pt minus 12.0pt
* \hoffset=0.0pt
* \voffset=0.0pt
* \mag=1000
* \@twocolumntrue
* \@twosidefalse
* \@mparswitchfalse
* \@reversemarginfalse
* (1in=72.27pt=25.4mm, 1cm=28.453pt)

Package caption Info: Begin \AtBeginDocument code.
Package caption Info: hyperref package is loaded.
Package caption Info: listings package is loaded.
Package caption Info: End \AtBeginDocument code.
Package hyperref Info: Link coloring OFF on input line 105.
(/usr/share/texlive/texmf-dist/tex/latex/hyperref/nameref.sty
Package: nameref 2021-04-02 v2.47 Cross-referencing by name of section
 (/usr/share/texlive/texmf-dist/tex/latex/refcount/refcount.sty
Package: refcount 2019/12/15 v3.6 Data extraction from label references (HO)
) (/usr/share/texlive/texmf-dist/tex/generic/gettitlestring/gettitlestring.sty
Package: gettitlestring 2019/12/15 v1.6 Cleanup title references (HO)
)
\c@section@level=\count316
)
LaTeX Info: Redefining \ref on input line 105.
LaTeX Info: Redefining \pageref on input line 105.
LaTeX Info: Redefining \nameref on input line 105.
 (./main.out) (./main.out)
\@outlinefile=\write4
\openout4 = `main.out'.

\c@lstlisting=\count317
 (./title.tex [1


{/var/lib/texmf/fonts/map/pdftex/updmap/pdftex.map}])
LaTeX Font Info:    Trying to load font information for U+txmia on input line 140.
 (/usr/share/texlive/texmf-dist/tex/latex/txfonts/utxmia.fd
File: utxmia.fd 2000/12/15 v3.1
)
LaTeX Font Info:    Trying to load font information for U+msa on input line 140.
 (/usr/share/texlive/texmf-dist/tex/latex/amsfonts/umsa.fd
File: umsa.fd 2013/01/14 v3.01 AMS symbols A
)
LaTeX Font Info:    Trying to load font information for U+msb on input line 140.
 (/usr/share/texlive/texmf-dist/tex/latex/amsfonts/umsb.fd
File: umsb.fd 2013/01/14 v3.01 AMS symbols B
)
LaTeX Font Info:    Trying to load font information for U+txsyc on input line 140.
 (/usr/share/texlive/texmf-dist/tex/latex/txfonts/utxsyc.fd
File: utxsyc.fd 2000/12/15 v3.1
) (./main.toc)
\tf@toc=\write5
\openout5 = `main.toc'.

 [1


] (./main.lof)
\tf@lof=\write6
\openout6 = `main.lof'.

 [2] (./main.lot)
\tf@lot=\write7
\openout7 = `main.lot'.

 [3]

Package hyperref Warning: Token not allowed in a PDF string (Unicode):
(hyperref)                removing `\begingroup' on input line 182.


Package hyperref Warning: Token not allowed in a PDF string (Unicode):
(hyperref)                removing `\let' on input line 182.


Package hyperref Warning: Token not allowed in a PDF string (Unicode):
(hyperref)                removing `\<let>-command' on input line 182.


Package hyperref Warning: Token not allowed in a PDF string (Unicode):
(hyperref)                removing `\NAT@ctype' on input line 182.


Package hyperref Warning: Token not allowed in a PDF string (Unicode):
(hyperref)                removing `\z@' on input line 182.


Package hyperref Warning: Token not allowed in a PDF string (Unicode):
(hyperref)                removing `\let' on input line 182.


Package hyperref Warning: Token not allowed in a PDF string (Unicode):
(hyperref)                removing `\new@ifnextchar' on input line 182.


Package hyperref Warning: Token not allowed in a PDF string (Unicode):
(hyperref)                removing `subscript' on input line 182.


Package hyperref Warning: Token not allowed in a PDF string (Unicode):
(hyperref)                removing `subscript' on input line 182.


Package hyperref Warning: Token not allowed in a PDF string (Unicode):
(hyperref)                removing `subscript' on input line 182.

pdfTeX warning (ext4): destination with the same identifier (name{page.1}) has been already used, duplicate ignored
<to be read again> 
                   \relax 
l.184 
       [1

]

Package hyperref Warning: Token not allowed in a PDF string (Unicode):
(hyperref)                removing `\begingroup' on input line 187.


Package hyperref Warning: Token not allowed in a PDF string (Unicode):
(hyperref)                removing `\let' on input line 187.


Package hyperref Warning: Token not allowed in a PDF string (Unicode):
(hyperref)                removing `\<let>-command' on input line 187.


Package hyperref Warning: Token not allowed in a PDF string (Unicode):
(hyperref)                removing `\NAT@ctype' on input line 187.


Package hyperref Warning: Token not allowed in a PDF string (Unicode):
(hyperref)                removing `\z@' on input line 187.


Package hyperref Warning: Token not allowed in a PDF string (Unicode):
(hyperref)                removing `\let' on input line 187.


Package hyperref Warning: Token not allowed in a PDF string (Unicode):
(hyperref)                removing `\new@ifnextchar' on input line 187.

[2]
Underfull \hbox (badness 2376) in paragraph at lines 270--270
\OT1/txr/m/n/10 er-a-tion, Restart, De-com-mis-sion-
 []


Underfull \hbox (badness 1264) in paragraph at lines 270--270
\OT1/txr/m/n/10 ing, Nu-clear fuel, Ra-dioac-tiv-ity,
 []


Underfull \hbox (badness 3128) in paragraph at lines 270--270
\OT1/txr/m/n/10 Ra-dioac-tive waste, En-ergy pol-
 []


Underfull \hbox (badness 7012) in paragraph at lines 270--270
\OT1/txr/m/n/10 icy, Base load power source,
 []


Underfull \hbox (badness 1354) in paragraph at lines 270--270
[]|\OT1/txr/m/n/10 declining birthrate, fer-til-ity rate,
 []


Underfull \hbox (badness 1253) in paragraph at lines 270--270
\OT1/txr/m/n/10 , Car-bon Diox-ide, De-car-boniza-
 []


Underfull \hbox (badness 3679) in paragraph at lines 270--270
\OT1/txr/m/n/10 sump-tion, Ex-port/Im-port, Small
 []


Package caption Warning: \label without proper reference on input line 277.
See the caption package documentation for explanation.


LaTeX Warning: Reference `tab:stats' on page 3 undefined on input line 273.


Underfull \hbox (badness 10000) in paragraph at lines 288--288
[]|\OT1/txr/m/n/10 Representatives
 []


Underfull \hbox (badness 10000) in paragraph at lines 288--288
[]|\OT1/txr/m/n/10 Speeches /
 []


Underfull \hbox (badness 10000) in paragraph at lines 288--288
\OT1/txr/m/n/10 Speech seg-
 []


Underfull \hbox (badness 5696) in paragraph at lines 288--288
[]|\OT1/txr/m/n/10 Current Rep-re-
 []


Underfull \hbox (badness 1082) in paragraph at lines 288--288
[]|\OT1/txr/m/n/10 465 mem-bers /
 []


Underfull \hbox (badness 10000) in paragraph at lines 288--288
\OT1/txr/m/n/10 / 90575 ex-
 []


Underfull \hbox (badness 10000) in paragraph at lines 288--288
\OT1/txr/m/n/10 tracted seg-
 []


Underfull \hbox (badness 10000) in paragraph at lines 288--288
[]|\OT1/txr/m/n/10 Current Coun-
 []


Underfull \hbox (badness 1082) in paragraph at lines 288--288
[]|\OT1/txr/m/n/10 240 mem-bers /
 []


Underfull \hbox (badness 10000) in paragraph at lines 288--288
\OT1/txr/m/n/10 / 44223 ex-
 []


Underfull \hbox (badness 10000) in paragraph at lines 288--288
\OT1/txr/m/n/10 tracted seg-
 []


Package caption Warning: \label without proper reference on input line 277.
See the caption package documentation for explanation.


LaTeX Warning: Reference `tab:stats' on page 3 undefined on input line 292.

(/usr/share/texmf/tex/latex/CJK/UTF8/UTF8.bdg
File: UTF8.bdg 2015/04/18 4.8.4
) (/usr/share/texmf/tex/latex/CJK/UTF8/UTF8.enc
File: UTF8.enc 2015/04/18 4.8.4
) (/usr/share/texmf/tex/latex/CJK/UTF8/UTF8.chr
File: UTF8.chr 2015/04/18 4.8.4
)
LaTeX Font Info:    Trying to load font information for C70+min on input line 292.
 (/usr/share/texmf/tex/latex/CJK/UTF8/c70min.fd
File: c70min.fd 2008/12/29 4.8.2
) (/usr/share/texmf/tex/latex/CJK/UTF8/c70min.fdx
File: c70min.fdx 2008/12/29 4.8.2
)
Underfull \hbox (badness 10000) in paragraph at lines 292--292
[][][]\OT1/txr/m/n/8 Huggingface model: []$\OT1/cmtt/m/n/8 https : / / huggingface . co / kkatodus /
 []


Underfull \hbox (badness 1616) in paragraph at lines 292--293
[]\OT1/txr/m/n/10 Notice in ta-ble [][][] that we are dis-tin-guish-ing be-tween
 []

LaTeX Font Info:    Trying to load font information for OMS+cmtt on input line 299.
LaTeX Font Info:    No file OMScmtt.fd. on input line 299.

LaTeX Font Warning: Font shape `OMS/cmtt/m/n' undefined
(Font)              using `OMS/txsy/m/n' instead
(Font)              for symbol `textbraceleft' on input line 299.



pdfTeX warning: pdflatex (file ./figs/data collection pipeline.pdf): PDF inclusion: found PDF version <1.7>, but at most version <1.5> allowed
<figs/data collection pipeline.pdf, id=449, 722.7pt x 406.51875pt>
File: figs/data collection pipeline.pdf Graphic file (type pdf)
<use figs/data collection pipeline.pdf>
Package pdftex.def Info: figs/data collection pipeline.pdf  used on input line 318.
(pdftex.def)             Requested size: 252.0pt x 141.75023pt.
[3] [4]

Package hyperref Warning: Token not allowed in a PDF string (Unicode):
(hyperref)                removing `\begingroup' on input line 349.


Package hyperref Warning: Token not allowed in a PDF string (Unicode):
(hyperref)                removing `\let' on input line 349.


Package hyperref Warning: Token not allowed in a PDF string (Unicode):
(hyperref)                removing `\<let>-command' on input line 349.


Package hyperref Warning: Token not allowed in a PDF string (Unicode):
(hyperref)                removing `\NAT@ctype' on input line 349.


Package hyperref Warning: Token not allowed in a PDF string (Unicode):
(hyperref)                removing `\@ne' on input line 349.


Package hyperref Warning: Token not allowed in a PDF string (Unicode):
(hyperref)                removing `\let' on input line 349.


Package hyperref Warning: Token not allowed in a PDF string (Unicode):
(hyperref)                removing `\new@ifnextchar' on input line 349.

<figs/projectionphase.pdf, id=495, 722.7pt x 406.51875pt>
File: figs/projectionphase.pdf Graphic file (type pdf)
<use figs/projectionphase.pdf>
Package pdftex.def Info: figs/projectionphase.pdf  used on input line 364.
(pdftex.def)             Requested size: 252.0pt x 141.75023pt.

LaTeX Warning: `h' float specifier changed to `ht'.



pdfTeX warning: pdflatex (file ./figs/summarization.pdf): PDF inclusion: found PDF version <1.7>, but at most version <1.5> allowed
<figs/summarization.pdf, id=504, 722.7pt x 406.51875pt>
File: figs/summarization.pdf Graphic file (type pdf)
<use figs/summarization.pdf>
Package pdftex.def Info: figs/summarization.pdf  used on input line 376.
(pdftex.def)             Requested size: 252.0pt x 141.75023pt.

Underfull \hbox (badness 10000) in paragraph at lines 437--437
[]|\OT1/txr/m/n/10 Base
 []


Underfull \hbox (badness 2111) in paragraph at lines 437--437
\OT1/txr/m/n/10 on the politi-cian's state-ments in the
 []


Underfull \hbox (badness 10000) in paragraph at lines 437--437

 []


Underfull \hbox (badness 7291) in paragraph at lines 437--437
[]|\OT1/txr/m/n/10 With Con-
 []


Underfull \hbox (badness 1137) in paragraph at lines 437--437
\OT1/txr/m/n/10 the fol-low-ing Diet pro-ceed-ings, in-fer
 []


Underfull \hbox (badness 10000) in paragraph at lines 437--437

 []


Underfull \hbox (badness 2111) in paragraph at lines 437--437
\OT1/txr/m/n/10 This sum-mary is in-tended for those
 []


Underfull \hbox (badness 2376) in paragraph at lines 437--437
\OT1/txr/m/n/10 that is easy to un-der-stand even for
 []


Underfull \hbox (badness 7291) in paragraph at lines 437--437
[]|\OT1/txr/m/n/10 With Con-
 []


Underfull \hbox (badness 10000) in paragraph at lines 437--437
\OT1/txr/m/n/10 text and
 []


Underfull \hbox (badness 1137) in paragraph at lines 437--437
\OT1/txr/m/n/10 the fol-low-ing Diet pro-ceed-ings, in-fer
 []


Underfull \hbox (badness 2111) in paragraph at lines 437--437
\OT1/txr/m/n/10 This sum-mary is in-tended for those
 []


Underfull \hbox (badness 2376) in paragraph at lines 437--437
\OT1/txr/m/n/10 that is easy to un-der-stand even for
 []

[5 <./figs/data collection pipeline.pdf> <./figs/projectionphase.pdf

pdfTeX warning: pdflatex (file ./figs/projectionphase.pdf): PDF inclusion: multiple pdfs with page group included in a single page
> <./figs/summarization.pdf

pdfTeX warning: pdflatex (file ./figs/summarization.pdf): PDF inclusion: multiple pdfs with page group included in a single page
>]
<figs/base_prompt_umap.png, id=581, 462.528pt x 346.896pt>
File: figs/base_prompt_umap.png Graphic file (type png)
<use figs/base_prompt_umap.png>
Package pdftex.def Info: figs/base_prompt_umap.png  used on input line 447.
(pdftex.def)             Requested size: 114.84064pt x 86.13094pt.
<figs/ie_prompt_umap.png, id=583, 462.528pt x 346.896pt>
File: figs/ie_prompt_umap.png Graphic file (type png)
<use figs/ie_prompt_umap.png>
Package pdftex.def Info: figs/ie_prompt_umap.png  used on input line 452.
(pdftex.def)             Requested size: 114.84064pt x 86.13094pt.
<figs/ie_few_shot_prompt_umap.png, id=584, 462.528pt x 346.896pt>
File: figs/ie_few_shot_prompt_umap.png Graphic file (type png)
<use figs/ie_few_shot_prompt_umap.png>
Package pdftex.def Info: figs/ie_few_shot_prompt_umap.png  used on input line 457.
(pdftex.def)             Requested size: 114.84064pt x 86.13094pt.
 [6 <./figs/base_prompt_umap.png> <./figs/ie_prompt_umap.png> <./figs/ie_few_shot_prompt_umap.png>]

pdfTeX warning: pdflatex (file ./figs/axis.pdf): PDF inclusion: found PDF version <1.7>, but at most version <1.5> allowed
<figs/axis.pdf, id=596, 722.7pt x 406.51875pt>
File: figs/axis.pdf Graphic file (type pdf)
<use figs/axis.pdf>
Package pdftex.def Info: figs/axis.pdf  used on input line 472.
(pdftex.def)             Requested size: 252.0pt x 141.75023pt.
<figs/results/defence/_gen_violin_plot.png, id=610, 722.7pt x 722.7pt>
File: figs/results/defence/_gen_violin_plot.png Graphic file (type png)
<use figs/results/defence/_gen_violin_plot.png>
Package pdftex.def Info: figs/results/defence/_gen_violin_plot.png  used on input line 527.
(pdftex.def)             Requested size: 114.84064pt x 114.84038pt.
<figs/results/defence/_umap_gen.png, id=611, 722.7pt x 722.7pt>
File: figs/results/defence/_umap_gen.png Graphic file (type png)
<use figs/results/defence/_umap_gen.png>
Package pdftex.def Info: figs/results/defence/_umap_gen.png  used on input line 532.
(pdftex.def)             Requested size: 114.84064pt x 114.84038pt.

LaTeX Warning: `h' float specifier changed to `ht'.

<figs/results/defence/_gen_violin_plot.png, id=612, 722.7pt x 722.7pt>
File: figs/results/defence/_gen_violin_plot.png Graphic file (type png)
<use figs/results/defence/_gen_violin_plot.png>
Package pdftex.def Info: figs/results/defence/_gen_violin_plot.png  used on input line 542.
(pdftex.def)             Requested size: 114.84064pt x 114.84038pt.
<figs/results/defence/_umap_gen.png, id=613, 722.7pt x 722.7pt>
File: figs/results/defence/_umap_gen.png Graphic file (type png)
<use figs/results/defence/_umap_gen.png>
Package pdftex.def Info: figs/results/defence/_umap_gen.png  used on input line 547.
(pdftex.def)             Requested size: 114.84064pt x 114.84038pt.

LaTeX Warning: `h' float specifier changed to `ht'.

<figs/results/defence/_gen_violin_plot.png, id=614, 722.7pt x 722.7pt>
File: figs/results/defence/_gen_violin_plot.png Graphic file (type png)
<use figs/results/defence/_gen_violin_plot.png>
Package pdftex.def Info: figs/results/defence/_gen_violin_plot.png  used on input line 558.
(pdftex.def)             Requested size: 114.84064pt x 114.84038pt.
<figs/results/defence/_umap_gen.png, id=615, 722.7pt x 722.7pt>
File: figs/results/defence/_umap_gen.png Graphic file (type png)
<use figs/results/defence/_umap_gen.png>
Package pdftex.def Info: figs/results/defence/_umap_gen.png  used on input line 563.
(pdftex.def)             Requested size: 114.84064pt x 114.84038pt.

LaTeX Warning: `h' float specifier changed to `ht'.

<figs/results/defence/_gen_violin_plot.png, id=616, 722.7pt x 722.7pt>
File: figs/results/defence/_gen_violin_plot.png Graphic file (type png)
<use figs/results/defence/_gen_violin_plot.png>
Package pdftex.def Info: figs/results/defence/_gen_violin_plot.png  used on input line 574.
(pdftex.def)             Requested size: 114.84064pt x 114.84038pt.
<figs/results/defence/_umap_gen.png, id=617, 722.7pt x 722.7pt>
File: figs/results/defence/_umap_gen.png Graphic file (type png)
<use figs/results/defence/_umap_gen.png>
Package pdftex.def Info: figs/results/defence/_umap_gen.png  used on input line 579.
(pdftex.def)             Requested size: 114.84064pt x 114.84038pt.

LaTeX Warning: `h' float specifier changed to `ht'.

[7 <./figs/axis.pdf>] [8

 <./figs/results/defence/_gen_violin_plot.png> <./figs/results/defence/_umap_gen.png> <./figs/results/defence/_gen_violin_plot.png> <./figs/results/defence/_umap_gen.png> <./figs/results/defence/_gen_violin_plot.png> <./figs/results/defence/_umap_gen.png> <./figs/results/defence/_gen_violin_plot.png> <./figs/results/defence/_umap_gen.png>]
<figs/results/nuclear/_gen_violin_plot.png, id=656, 722.7pt x 722.7pt>
File: figs/results/nuclear/_gen_violin_plot.png Graphic file (type png)
<use figs/results/nuclear/_gen_violin_plot.png>
Package pdftex.def Info: figs/results/nuclear/_gen_violin_plot.png  used on input line 592.
(pdftex.def)             Requested size: 114.84064pt x 114.84038pt.
<figs/results/nuclear/_umap_gen.png, id=657, 722.7pt x 722.7pt>
File: figs/results/nuclear/_umap_gen.png Graphic file (type png)
<use figs/results/nuclear/_umap_gen.png>
Package pdftex.def Info: figs/results/nuclear/_umap_gen.png  used on input line 598.
(pdftex.def)             Requested size: 114.84064pt x 114.84038pt.
<figs/results/nuclear/_gen_violin_plot.png, id=658, 722.7pt x 722.7pt>
File: figs/results/nuclear/_gen_violin_plot.png Graphic file (type png)
<use figs/results/nuclear/_gen_violin_plot.png>
Package pdftex.def Info: figs/results/nuclear/_gen_violin_plot.png  used on input line 609.
(pdftex.def)             Requested size: 114.84064pt x 114.84038pt.
<figs/results/nuclear/_umap_gen.png, id=659, 722.7pt x 722.7pt>
File: figs/results/nuclear/_umap_gen.png Graphic file (type png)
<use figs/results/nuclear/_umap_gen.png>
Package pdftex.def Info: figs/results/nuclear/_umap_gen.png  used on input line 614.
(pdftex.def)             Requested size: 114.84064pt x 114.84038pt.
<figs/results/nuclear/_gen_violin_plot.png, id=660, 722.7pt x 722.7pt>
File: figs/results/nuclear/_gen_violin_plot.png Graphic file (type png)
<use figs/results/nuclear/_gen_violin_plot.png>
Package pdftex.def Info: figs/results/nuclear/_gen_violin_plot.png  used on input line 625.
(pdftex.def)             Requested size: 114.84064pt x 114.84038pt.
<figs/results/nuclear/_umap_gen.png, id=661, 722.7pt x 722.7pt>
File: figs/results/nuclear/_umap_gen.png Graphic file (type png)
<use figs/results/nuclear/_umap_gen.png>
Package pdftex.def Info: figs/results/nuclear/_umap_gen.png  used on input line 630.
(pdftex.def)             Requested size: 114.84064pt x 114.84038pt.
<figs/results/nuclear/_gen_violin_plot.png, id=662, 722.7pt x 722.7pt>
File: figs/results/nuclear/_gen_violin_plot.png Graphic file (type png)
<use figs/results/nuclear/_gen_violin_plot.png>
Package pdftex.def Info: figs/results/nuclear/_gen_violin_plot.png  used on input line 641.
(pdftex.def)             Requested size: 114.84064pt x 114.84038pt.
<figs/results/nuclear/_umap_gen.png, id=663, 722.7pt x 722.7pt>
File: figs/results/nuclear/_umap_gen.png Graphic file (type png)
<use figs/results/nuclear/_umap_gen.png>
Package pdftex.def Info: figs/results/nuclear/_umap_gen.png  used on input line 646.
(pdftex.def)             Requested size: 114.84064pt x 114.84038pt.


LaTeX Warning: `h' float specifier changed to `ht'.

<figs/results/nuclear/_gen_violin_plot.png, id=664, 722.7pt x 722.7pt>
File: figs/results/nuclear/_gen_violin_plot.png Graphic file (type png)
<use figs/results/nuclear/_gen_violin_plot.png>
Package pdftex.def Info: figs/results/nuclear/_gen_violin_plot.png  used on input line 657.
(pdftex.def)             Requested size: 114.84064pt x 114.84038pt.
<figs/results/nuclear/_umap_gen.png, id=665, 722.7pt x 722.7pt>
File: figs/results/nuclear/_umap_gen.png Graphic file (type png)
<use figs/results/nuclear/_umap_gen.png>
Package pdftex.def Info: figs/results/nuclear/_umap_gen.png  used on input line 662.
(pdftex.def)             Requested size: 114.84064pt x 114.84038pt.

LaTeX Warning: `h' float specifier changed to `ht'.

<figs/results/economy/_gen_violin_plot.png, id=672, 722.7pt x 722.7pt>
File: figs/results/economy/_gen_violin_plot.png Graphic file (type png)
<use figs/results/economy/_gen_violin_plot.png>
Package pdftex.def Info: figs/results/economy/_gen_violin_plot.png  used on input line 678.
(pdftex.def)             Requested size: 114.84064pt x 114.84038pt.
<figs/results/economy/_umap_gen.png, id=673, 722.7pt x 722.7pt>
File: figs/results/economy/_umap_gen.png Graphic file (type png)
<use figs/results/economy/_umap_gen.png>
Package pdftex.def Info: figs/results/economy/_umap_gen.png  used on input line 683.
(pdftex.def)             Requested size: 114.84064pt x 114.84038pt.
<figs/results/economy/_gen_violin_plot.png, id=674, 722.7pt x 722.7pt>
File: figs/results/economy/_gen_violin_plot.png Graphic file (type png)
<use figs/results/economy/_gen_violin_plot.png>
Package pdftex.def Info: figs/results/economy/_gen_violin_plot.png  used on input line 694.
(pdftex.def)             Requested size: 114.84064pt x 114.84038pt.
<figs/results/economy/_umap_gen.png, id=675, 722.7pt x 722.7pt>
File: figs/results/economy/_umap_gen.png Graphic file (type png)
<use figs/results/economy/_umap_gen.png>
Package pdftex.def Info: figs/results/economy/_umap_gen.png  used on input line 699.
(pdftex.def)             Requested size: 114.84064pt x 114.84038pt.

LaTeX Warning: `h' float specifier changed to `ht'.

<figs/results/economy/_gen_violin_plot.png, id=676, 722.7pt x 722.7pt>
File: figs/results/economy/_gen_violin_plot.png Graphic file (type png)
<use figs/results/economy/_gen_violin_plot.png>
Package pdftex.def Info: figs/results/economy/_gen_violin_plot.png  used on input line 710.
(pdftex.def)             Requested size: 114.84064pt x 114.84038pt.
<figs/results/economy/_umap_gen.png, id=677, 722.7pt x 722.7pt>
File: figs/results/economy/_umap_gen.png Graphic file (type png)
<use figs/results/economy/_umap_gen.png>
Package pdftex.def Info: figs/results/economy/_umap_gen.png  used on input line 715.
(pdftex.def)             Requested size: 114.84064pt x 114.84038pt.

LaTeX Warning: `h' float specifier changed to `ht'.

<figs/results/economy/_gen_violin_plot.png, id=678, 722.7pt x 722.7pt>
File: figs/results/economy/_gen_violin_plot.png Graphic file (type png)
<use figs/results/economy/_gen_violin_plot.png>
Package pdftex.def Info: figs/results/economy/_gen_violin_plot.png  used on input line 726.
(pdftex.def)             Requested size: 114.84064pt x 114.84038pt.
<figs/results/economy/_umap_gen.png, id=679, 722.7pt x 722.7pt>
File: figs/results/economy/_umap_gen.png Graphic file (type png)
<use figs/results/economy/_umap_gen.png>
Package pdftex.def Info: figs/results/economy/_umap_gen.png  used on input line 731.
(pdftex.def)             Requested size: 114.84064pt x 114.84038pt.

LaTeX Warning: `h' float specifier changed to `ht'.

<figs/results/economy/_gen_violin_plot.png, id=680, 722.7pt x 722.7pt>
File: figs/results/economy/_gen_violin_plot.png Graphic file (type png)
<use figs/results/economy/_gen_violin_plot.png>
Package pdftex.def Info: figs/results/economy/_gen_violin_plot.png  used on input line 742.
(pdftex.def)             Requested size: 114.84064pt x 114.84038pt.
<figs/results/economy/_umap_gen.png, id=681, 722.7pt x 722.7pt>
File: figs/results/economy/_umap_gen.png Graphic file (type png)
<use figs/results/economy/_umap_gen.png>
Package pdftex.def Info: figs/results/economy/_umap_gen.png  used on input line 747.
(pdftex.def)             Requested size: 114.84064pt x 114.84038pt.

LaTeX Warning: `h' float specifier changed to `ht'.

[9

 <./figs/results/nuclear/_gen_violin_plot.png> <./figs/results/nuclear/_umap_gen.png> <./figs/results/nuclear/_gen_violin_plot.png> <./figs/results/nuclear/_umap_gen.png> <./figs/results/nuclear/_gen_violin_plot.png> <./figs/results/nuclear/_umap_gen.png> <./figs/results/nuclear/_gen_violin_plot.png> <./figs/results/nuclear/_umap_gen.png> <./figs/results/nuclear/_gen_violin_plot.png> <./figs/results/nuclear/_umap_gen.png> <./figs/results/economy/_gen_violin_plot.png> <./figs/results/economy/_umap_gen.png>] [10

 <./figs/results/economy/_gen_violin_plot.png> <./figs/results/economy/_umap_gen.png> <./figs/results/economy/_gen_violin_plot.png> <./figs/results/economy/_umap_gen.png> <./figs/results/economy/_gen_violin_plot.png> <./figs/results/economy/_umap_gen.png> <./figs/results/economy/_gen_violin_plot.png> <./figs/results/economy/_umap_gen.png>]
<figs/results/climatechange/_gen_violin_plot.png, id=716, 722.7pt x 722.7pt>
File: figs/results/climatechange/_gen_violin_plot.png Graphic file (type png)
<use figs/results/climatechange/_gen_violin_plot.png>
Package pdftex.def Info: figs/results/climatechange/_gen_violin_plot.png  used on input line 762.
(pdftex.def)             Requested size: 114.84064pt x 114.84038pt.
<figs/results/climatechange/_umap_gen.png, id=717, 722.7pt x 722.7pt>
File: figs/results/climatechange/_umap_gen.png Graphic file (type png)
<use figs/results/climatechange/_umap_gen.png>
Package pdftex.def Info: figs/results/climatechange/_umap_gen.png  used on input line 767.
(pdftex.def)             Requested size: 114.84064pt x 114.84038pt.
<figs/results/climatechange/_gen_violin_plot.png, id=718, 722.7pt x 722.7pt>
File: figs/results/climatechange/_gen_violin_plot.png Graphic file (type png)
<use figs/results/climatechange/_gen_violin_plot.png>
Package pdftex.def Info: figs/results/climatechange/_gen_violin_plot.png  used on input line 778.
(pdftex.def)             Requested size: 114.84064pt x 114.84038pt.
<figs/results/climatechange/_umap_gen.png, id=719, 722.7pt x 722.7pt>
File: figs/results/climatechange/_umap_gen.png Graphic file (type png)
<use figs/results/climatechange/_umap_gen.png>
Package pdftex.def Info: figs/results/climatechange/_umap_gen.png  used on input line 783.
(pdftex.def)             Requested size: 114.84064pt x 114.84038pt.
<figs/results/climatechange/_gen_violin_plot.png, id=720, 722.7pt x 722.7pt>
File: figs/results/climatechange/_gen_violin_plot.png Graphic file (type png)
<use figs/results/climatechange/_gen_violin_plot.png>
Package pdftex.def Info: figs/results/climatechange/_gen_violin_plot.png  used on input line 794.
(pdftex.def)             Requested size: 114.84064pt x 114.84038pt.
<figs/results/climatechange/_umap_gen.png, id=721, 722.7pt x 722.7pt>
File: figs/results/climatechange/_umap_gen.png Graphic file (type png)
<use figs/results/climatechange/_umap_gen.png>
Package pdftex.def Info: figs/results/climatechange/_umap_gen.png  used on input line 799.
(pdftex.def)             Requested size: 114.84064pt x 114.84038pt.
<figs/results/climatechange/_gen_violin_plot.png, id=722, 722.7pt x 722.7pt>
File: figs/results/climatechange/_gen_violin_plot.png Graphic file (type png)
<use figs/results/climatechange/_gen_violin_plot.png>
Package pdftex.def Info: figs/results/climatechange/_gen_violin_plot.png  used on input line 810.
(pdftex.def)             Requested size: 114.84064pt x 114.84038pt.
<figs/results/climatechange/_umap_gen.png, id=723, 722.7pt x 722.7pt>
File: figs/results/climatechange/_umap_gen.png Graphic file (type png)
<use figs/results/climatechange/_umap_gen.png>
Package pdftex.def Info: figs/results/climatechange/_umap_gen.png  used on input line 816.
(pdftex.def)             Requested size: 114.84064pt x 114.84038pt.


LaTeX Warning: `h' float specifier changed to `ht'.

<figs/results/aging/_gen_violin_plot.png, id=729, 722.7pt x 722.7pt>
File: figs/results/aging/_gen_violin_plot.png Graphic file (type png)
<use figs/results/aging/_gen_violin_plot.png>
Package pdftex.def Info: figs/results/aging/_gen_violin_plot.png  used on input line 832.
(pdftex.def)             Requested size: 114.84064pt x 114.84038pt.
<figs/results/aging/_umap_gen.png, id=730, 722.7pt x 722.7pt>
File: figs/results/aging/_umap_gen.png Graphic file (type png)
<use figs/results/aging/_umap_gen.png>
Package pdftex.def Info: figs/results/aging/_umap_gen.png  used on input line 838.
(pdftex.def)             Requested size: 114.84064pt x 114.84038pt.
<figs/results/aging/_gen_violin_plot.png, id=731, 722.7pt x 722.7pt>
File: figs/results/aging/_gen_violin_plot.png Graphic file (type png)
<use figs/results/aging/_gen_violin_plot.png>
Package pdftex.def Info: figs/results/aging/_gen_violin_plot.png  used on input line 851.
(pdftex.def)             Requested size: 114.84064pt x 114.84038pt.
<figs/results/aging/_umap_gen.png, id=732, 722.7pt x 722.7pt>
File: figs/results/aging/_umap_gen.png Graphic file (type png)
<use figs/results/aging/_umap_gen.png>
Package pdftex.def Info: figs/results/aging/_umap_gen.png  used on input line 857.
(pdftex.def)             Requested size: 114.84064pt x 114.84038pt.
<figs/results/aging/_gen_violin_plot.png, id=733, 722.7pt x 722.7pt>
File: figs/results/aging/_gen_violin_plot.png Graphic file (type png)
<use figs/results/aging/_gen_violin_plot.png>
Package pdftex.def Info: figs/results/aging/_gen_violin_plot.png  used on input line 869.
(pdftex.def)             Requested size: 114.84064pt x 114.84038pt.
<figs/results/aging/_umap_gen.png, id=734, 722.7pt x 722.7pt>
File: figs/results/aging/_umap_gen.png Graphic file (type png)
<use figs/results/aging/_umap_gen.png>
Package pdftex.def Info: figs/results/aging/_umap_gen.png  used on input line 875.
(pdftex.def)             Requested size: 114.84064pt x 114.84038pt.

LaTeX Warning: `h' float specifier changed to `ht'.

<figs/results/aging/_gen_violin_plot.png, id=735, 722.7pt x 722.7pt>
File: figs/results/aging/_gen_violin_plot.png Graphic file (type png)
<use figs/results/aging/_gen_violin_plot.png>
Package pdftex.def Info: figs/results/aging/_gen_violin_plot.png  used on input line 887.
(pdftex.def)             Requested size: 114.84064pt x 114.84038pt.
<figs/results/aging/_umap_gen.png, id=736, 722.7pt x 722.7pt>
File: figs/results/aging/_umap_gen.png Graphic file (type png)
<use figs/results/aging/_umap_gen.png>
Package pdftex.def Info: figs/results/aging/_umap_gen.png  used on input line 893.
(pdftex.def)             Requested size: 114.84064pt x 114.84038pt.

LaTeX Warning: `h' float specifier changed to `ht'.

[11

 <./figs/results/climatechange/_gen_violin_plot.png> <./figs/results/climatechange/_umap_gen.png> <./figs/results/climatechange/_gen_violin_plot.png> <./figs/results/climatechange/_umap_gen.png> <./figs/results/climatechange/_gen_violin_plot.png> <./figs/results/climatechange/_umap_gen.png> <./figs/results/climatechange/_gen_violin_plot.png> <./figs/results/climatechange/_umap_gen.png> <./figs/results/aging/_gen_violin_plot.png> <./figs/results/aging/_umap_gen.png> <./figs/results/aging/_gen_violin_plot.png> <./figs/results/aging/_umap_gen.png>]

pdfTeX warning: pdflatex (file ./figs/diachronic.pdf): PDF inclusion: found PDF version <1.7>, but at most version <1.5> allowed
<figs/diachronic.pdf, id=754, 722.7pt x 406.51875pt>
File: figs/diachronic.pdf Graphic file (type pdf)
<use figs/diachronic.pdf>
Package pdftex.def Info: figs/diachronic.pdf  used on input line 910.
(pdftex.def)             Requested size: 252.0pt x 141.75023pt.
LaTeX Font Info:    Trying to load font information for TS1+txr on input line 919.
(/usr/share/texlive/texmf-dist/tex/latex/txfonts/ts1txr.fd
File: ts1txr.fd 2000/12/15 v3.1
)
<figs/mielka/consumptiontax.png, id=757, 218.0145pt x 389.0535pt>
File: figs/mielka/consumptiontax.png Graphic file (type png)
<use figs/mielka/consumptiontax.png>
Package pdftex.def Info: figs/mielka/consumptiontax.png  used on input line 930.
(pdftex.def)             Requested size: 114.84064pt x 204.93883pt.
<figs/mielka/jsdfconsitution.png, id=758, 221.02576pt x 392.06474pt>
File: figs/mielka/jsdfconsitution.png Graphic file (type png)
<use figs/mielka/jsdfconsitution.png>
Package pdftex.def Info: figs/mielka/jsdfconsitution.png  used on input line 936.
(pdftex.def)             Requested size: 114.84064pt x 203.70732pt.
<figs/mielka/nuclear.png, id=759, 217.41225pt x 387.24675pt>
File: figs/mielka/nuclear.png Graphic file (type png)
<use figs/mielka/nuclear.png>
Package pdftex.def Info: figs/mielka/nuclear.png  used on input line 942.
(pdftex.def)             Requested size: 114.84064pt x 204.55435pt.
<figs/mielka/growthordistrib.png, id=760, 219.82124pt x 391.4625pt>
File: figs/mielka/growthordistrib.png Graphic file (type png)
<use figs/mielka/growthordistrib.png>
Package pdftex.def Info: figs/mielka/growthordistrib.png  used on input line 948.
(pdftex.def)             Requested size: 114.84064pt x 204.50543pt.

Underfull \hbox (badness 2027) in paragraph at lines 961--962
[]\OT1/txr/m/n/10 Kendall's tau rank cor-re-la-tion co-ef-fi-cient([]KENDALL[],
 []

[12 <./figs/results/aging/_gen_violin_plot.png> <./figs/results/aging/_umap_gen.png> <./figs/results/aging/_gen_violin_plot.png> <./figs/results/aging/_umap_gen.png> <./figs/diachronic.pdf>]
Underfull \hbox (badness 10000) in paragraph at lines 1025--1025
[]|\OT1/txr/m/n/10 Spearman's
 []


Underfull \hbox (badness 10000) in paragraph at lines 1025--1025
[]|\OT1/txr/m/n/10 Changing
 []


Underfull \hbox (badness 10000) in paragraph at lines 1025--1025
\OT1/txr/m/n/10 con-sti-tu-tion
 []


Underfull \hbox (badness 1024) in paragraph at lines 1025--1025
\OT1/txr/m/n/10 to ac-knowl-
 []


Underfull \hbox (badness 10000) in paragraph at lines 1025--1025
[]|\OT1/txr/m/n/10 Restarting
 []


Underfull \hbox (badness 10000) in paragraph at lines 1025--1025
\OT1/txr/m/n/10 nu-clear
 []


Underfull \hbox (badness 10000) in paragraph at lines 1025--1025
\OT1/txr/m/n/10 power
 []


Underfull \hbox (badness 10000) in paragraph at lines 1025--1025
\OT1/txr/m/n/10 plants in
 []


Underfull \hbox (badness 10000) in paragraph at lines 1025--1025
[]|\OT1/txr/m/n/10 Reducing
 []


Underfull \hbox (badness 10000) in paragraph at lines 1025--1025
\OT1/txr/m/n/10 the con-
 []


Underfull \hbox (badness 10000) in paragraph at lines 1025--1025
\OT1/txr/m/n/10 sump-tion
 []

[13 <./figs/mielka/consumptiontax.png> <./figs/mielka/jsdfconsitution.png> <./figs/mielka/nuclear.png> <./figs/mielka/growthordistrib.png>]
<figs/Segment 1.png, id=807, 752.8125pt x 752.8125pt>
File: figs/Segment 1.png Graphic file (type png)
<use figs/Segment 1.png>
Package pdftex.def Info: figs/Segment 1.png  used on input line 1040.
(pdftex.def)             Requested size: 201.60077pt x 201.59647pt.

Underfull \hbox (badness 10000) in paragraph at lines 1046--1047
[]\OT1/txr/m/n/10 We then cal-cu-lated the Point-wise Mu-tual In-for-ma-
 []


Underfull \hbox (badness 1406) in paragraph at lines 1046--1047
\OT1/txr/m/n/10 tion(PMI)([]Church and Hanks[], []1990[]) of the noun phrases
 []


Underfull \hbox (badness 2057) in paragraph at lines 1060--1061
\OT1/txr/m/n/10 tion terms such as "In-dus-trial Pol-icy", "Power
 []


Underfull \hbox (badness 1147) in paragraph at lines 1064--1065
\OT1/txr/m/n/10 as-so-ci-ated with phrases like "Haz-ardous waste",
 []

[14 <./figs/Segment 1.png>]
Overfull \hbox (3.79335pt too wide) in paragraph at lines 1095--1095
 []|[]| 
 []


Overfull \hbox (2.96336pt too wide) in paragraph at lines 1118--1118
 []|[]| 
 []

<figs/kokkaidoc-scaling.png, id=821, 1154.51324pt x 546.24075pt>
File: figs/kokkaidoc-scaling.png Graphic file (type png)
<use figs/kokkaidoc-scaling.png>
Package pdftex.def Info: figs/kokkaidoc-scaling.png  used on input line 1159.
(pdftex.def)             Requested size: 114.84064pt x 54.32721pt.

Underfull \hbox (badness 10000) in paragraph at lines 1160--1160
[]\OT1/txr/m/n/7 (a) |Scal-ing re-sults pre-sented on
 []

<figs/kokkaidoc-map.png, id=824, 1151.502pt x 545.03625pt>
File: figs/kokkaidoc-map.png Graphic file (type png)
<use figs/kokkaidoc-map.png>
Package pdftex.def Info: figs/kokkaidoc-map.png  used on input line 1164.
(pdftex.def)             Requested size: 114.84064pt x 54.35712pt.
<figs/kokkaidoc-voting.png, id=827, 1149.093pt x 543.83176pt>
File: figs/kokkaidoc-voting.png Graphic file (type png)
<use figs/kokkaidoc-voting.png>
Package pdftex.def Info: figs/kokkaidoc-voting.png  used on input line 1169.
(pdftex.def)             Requested size: 114.84064pt x 54.34486pt.

Underfull \hbox (badness 10000) in paragraph at lines 1170--1170
[]\OT1/txr/m/n/7 (c) |Vot-ing re-sults pre-sented on
 []


LaTeX Warning: `h' float specifier changed to `ht'.

[15 <./figs/kokkaidoc-scaling.png> <./figs/kokkaidoc-map.png> <./figs/kokkaidoc-voting.png>] [16] [17] [18]
<figs/defence_box_plot.png, id=852, 722.7pt x 722.7pt>
File: figs/defence_box_plot.png Graphic file (type png)
<use figs/defence_box_plot.png>
Package pdftex.def Info: figs/defence_box_plot.png  used on input line 1192.
(pdftex.def)             Requested size: 156.6016pt x 156.60152pt.
<figs/nuclear_box_plot.png, id=855, 722.7pt x 722.7pt>
File: figs/nuclear_box_plot.png Graphic file (type png)
<use figs/nuclear_box_plot.png>
Package pdftex.def Info: figs/nuclear_box_plot.png  used on input line 1199.
(pdftex.def)             Requested size: 156.6016pt x 156.60152pt.
<figs/defence_umap_clean.png, id=862, 722.7pt x 722.7pt>
File: figs/defence_umap_clean.png Graphic file (type png)
<use figs/defence_umap_clean.png>
Package pdftex.def Info: figs/defence_umap_clean.png  used on input line 1211.
(pdftex.def)             Requested size: 156.6016pt x 156.60152pt.
<figs/defence_umap_gen.png, id=863, 722.7pt x 722.7pt>
File: figs/defence_umap_gen.png Graphic file (type png)
<use figs/defence_umap_gen.png>
Package pdftex.def Info: figs/defence_umap_gen.png  used on input line 1218.
(pdftex.def)             Requested size: 156.6016pt x 156.60152pt.


LaTeX Warning: `h' float specifier changed to `ht'.

[19 <./figs/defence_box_plot.png> <./figs/nuclear_box_plot.png>] (/usr/share/texmf/tex/latex/CJK/UTF8/UTF8.enc
File: UTF8.enc 2015/04/18 4.8.4
) (/usr/share/texmf/tex/latex/CJK/UTF8/UTF8.chr
File: UTF8.chr 2015/04/18 4.8.4
) (/usr/share/texmf/tex/latex/CJK/UTF8/UTF8.enc
File: UTF8.enc 2015/04/18 4.8.4
) (/usr/share/texmf/tex/latex/CJK/UTF8/UTF8.chr
File: UTF8.chr 2015/04/18 4.8.4
) (/usr/share/texmf/tex/latex/CJK/UTF8/UTF8.enc
File: UTF8.enc 2015/04/18 4.8.4
) (/usr/share/texmf/tex/latex/CJK/UTF8/UTF8.chr
File: UTF8.chr 2015/04/18 4.8.4
)
Underfull \hbox (badness 1803) in paragraph at lines 1292--1293
\OT1/txr/m/n/10 self-defense", "se-cu-rity", "mil-i-tary power", "de-
 []


Underfull \hbox (badness 1077) in paragraph at lines 1300--1301
[]\OT1/txr/m/n/10 Search words: ["econ-omy", "eco-nomic", "de-fla-
 []


Underfull \hbox (badness 10000) in paragraph at lines 1321--1323

 []


Underfull \hbox (badness 10000) in paragraph at lines 1328--1330

 []


Underfull \hbox (badness 10000) in paragraph at lines 1328--1330

 []


Underfull \hbox (badness 10000) in paragraph at lines 1337--1340

 []


Underfull \hbox (badness 10000) in paragraph at lines 1337--1340

 []

[20 <./figs/defence_umap_clean.png> <./figs/defence_umap_gen.png>] [21]

LaTeX Warning: `h' float specifier changed to `ht'.


LaTeX Warning: Float too large for page by 92.69997pt on input line 1432.


LaTeX Warning: `h' float specifier changed to `ht'.


LaTeX Warning: `h' float specifier changed to `ht'.


LaTeX Warning: `h' float specifier changed to `ht'.


LaTeX Warning: `h' float specifier changed to `ht'.

[22

] [23] [24] [25] [26] [27] (/usr/share/texmf/tex/latex/CJK/UTF8/UTF8.enc
File: UTF8.enc 2015/04/18 4.8.4
) (/usr/share/texmf/tex/latex/CJK/UTF8/UTF8.chr
File: UTF8.chr 2015/04/18 4.8.4
) (/usr/share/texmf/tex/latex/CJK/UTF8/UTF8.enc
File: UTF8.enc 2015/04/18 4.8.4
) (/usr/share/texmf/tex/latex/CJK/UTF8/UTF8.chr
File: UTF8.chr 2015/04/18 4.8.4
) (/usr/share/texmf/tex/latex/CJK/UTF8/UTF8.enc
File: UTF8.enc 2015/04/18 4.8.4
) (/usr/share/texmf/tex/latex/CJK/UTF8/UTF8.chr
File: UTF8.chr 2015/04/18 4.8.4
) [28



] [29] [30] (/usr/share/texmf/tex/latex/CJK/UTF8/UTF8.enc
File: UTF8.enc 2015/04/18 4.8.4
) (/usr/share/texmf/tex/latex/CJK/UTF8/UTF8.chr
File: UTF8.chr 2015/04/18 4.8.4
)
Underfull \hbox (badness 10000) in paragraph at lines 1678--1678
[]|\OT1/txr/m/n/10 Liberal Demo-
 []


Underfull \hbox (badness 10000) in paragraph at lines 1678--1678
[]|\OT1/txr/m/n/10 Constitutional
 []


Underfull \hbox (badness 10000) in paragraph at lines 1678--1678
\OT1/txr/m/n/10 Demo-cratic
 []


Underfull \hbox (badness 8132) in paragraph at lines 1678--1678
[]|\OT1/txr/m/n/10 Japanese Com-
 []


Underfull \hbox (badness 10000) in paragraph at lines 1678--1678
[]|\OT1/txr/m/n/10 Japan Restora-
 []


Underfull \hbox (badness 2478) in paragraph at lines 1678--1678
[]|\OT1/txr/m/n/10 Reiwa Shin-sen-
 []


Underfull \hbox (badness 10000) in paragraph at lines 1678--1678
[]|\OT1/txr/m/n/10 Conservative
 []

[31



] (./main.bbl
Underfull \hbox (badness 10000) in paragraph at lines 63--73
[]\OT1/txr/m/n/8 KENDALL, M.G., 1938.  A new mea-sure of rank cor-re-la-
 []


Underfull \hbox (badness 7486) in paragraph at lines 63--73
\OT1/txr/m/n/8 tion.  Biometrika 30, 81--93.  URL: []$\OT1/cmtt/m/n/8 https : / / doi . org / 10 .
 []


Underfull \hbox (badness 10000) in paragraph at lines 63--73
\OT1/cmtt/m/n/8 1093 / biomet / 30 . 1-[]2 . 81$[]\OT1/txr/m/n/8 , doi:[]$\OT1/cmtt/m/n/8 10 . 1093 / biomet / 30 . 1-[]2 . 81$[]\OT1/txr/m/n/8 ,
 []


Overfull \hbox (100.0049pt too wide) in paragraph at lines 63--73
[]\OT1/cmtt/m/n/8 arXiv:https://academic.oup.com/biomet/article-pdf/30/1-2/81/423380/30-1-2-81.pdf[]\OT1/txr/m/n/8 . 
 []


Underfull \hbox (badness 1571) in paragraph at lines 143--148
[]\OT1/txr/m/n/8 Mens, G.L., Gal-lego, A., 2023.  Scal-ing po-lit-i-cal texts with chat-gpt.
 []


Underfull \hbox (badness 1688) in paragraph at lines 197--204
[]\OT1/txr/m/n/8 Rashed, A., Kutlu, M., Dar-wish, K., El-sayed, T., Bayrak, C., 2022.
 []


Underfull \hbox (badness 2205) in paragraph at lines 246--252
[]\OT1/txr/m/n/8 Wu, P.Y., Na-gler, J., Tucker, J.A., Mess-ing, S., 2023.  Large lan-
 []

) [32

] (./main.aux)

LaTeX Font Warning: Some font shapes were not available, defaults substituted.


LaTeX Warning: There were undefined references.


LaTeX Warning: There were multiply-defined labels.

Package rerunfilecheck Info: File `main.out' has not changed.
(rerunfilecheck)             Checksum: 977558B7154BFB830D57162F1307082A;7521.
 ) 
Here is how much of TeX's memory you used:
 19902 strings out of 478287
 324662 string characters out of 5849289
 1742085 words of memory out of 5000000
 37171 multiletter control sequences out of 15000+600000
 532775 words of font info for 229 fonts, out of 8000000 for 9000
 1141 hyphenation exceptions out of 8191
 70i,17n,77p,1719b,1503s stack positions out of 5000i,500n,10000p,200000b,80000s
{/usr/share/texlive/texmf-dist/fonts/enc/dvips/base/8r.enc}</usr/share/texlive/texmf-dist/fonts/type1/public/amsfonts/cm/cmtt10.pfb></usr/share/texlive/texmf-dist/fonts/type1/public/amsfonts/cm/cmtt8.pfb></usr/share/texmf/fonts/type1/wadalab/JIS/dmjhira.pfb></usr/share/texmf/fonts/type1/wadalab/JIS/dmjka.pfb></usr/share/texmf/fonts/type1/wadalab/JIS/dmjkata.pfb></usr/share/texmf/fonts/type1/wadalab/JIS/dmjkb.pfb></usr/share/texmf/fonts/type1/wadalab/JIS/dmjkc.pfb></usr/share/texmf/fonts/type1/wadalab/JIS/dmjkd.pfb></usr/share/texmf/fonts/type1/wadalab/JIS/dmjke.pfb></usr/share/texmf/fonts/type1/wadalab/JIS/dmjkf.pfb></usr/share/texmf/fonts/type1/wadalab/JIS/dmjkg.pfb></usr/share/texmf/fonts/type1/wadalab/JIS/dmjkh.pfb></usr/share/texmf/fonts/type1/wadalab/JIS/dmjki.pfb></usr/share/texmf/fonts/type1/wadalab/JIS/dmjkj.pfb></usr/share/texmf/fonts/type1/wadalab/JIS/dmjkk.pfb></usr/share/texmf/fonts/type1/wadalab/JIS/dmjkl.pfb></usr/share/texmf/fonts/type1/wadalab/JIS/dmjsy.pfb></usr/share/texlive/texmf-dist/fonts/type1/public/txfonts/rtcxr.pfb></usr/share/texlive/texmf-dist/fonts/type1/public/txfonts/rtxmi.pfb></usr/share/texlive/texmf-dist/fonts/type1/public/txfonts/rtxr.pfb></usr/share/texlive/texmf-dist/fonts/type1/public/txfonts/txex.pfb></usr/share/texlive/texmf-dist/fonts/type1/public/txfonts/txsy.pfb></usr/share/texlive/texmf-dist/fonts/type1/urw/times/utmr8a.pfb></usr/share/texlive/texmf-dist/fonts/type1/urw/times/utmri8a.pfb>
Output written on main.pdf (36 pages, 7626076 bytes).
PDF statistics:
 1355 PDF objects out of 1440 (max. 8388607)
 1015 compressed objects within 11 object streams
 304 named destinations out of 1000 (max. 500000)
 889 words of extra memory for PDF output out of 10000 (max. 10000000)

